2023-01-27T11:58:02+00:00 CRITICAL Maximum execution time of 120 seconds exceeded در C:\xampp\htdocs\se7enphoto\wp-includes\blocks.php روی خط 324

2023-01-27T11:58:02+00:00 CRITICAL Maximum execution time of 120 seconds exceeded در C:\xampp\htdocs\se7enphoto\wp-content\plugins\woocommerce\src\Admin\Features\OnboardingTasks\Tasks\Tax.php روی خط 167

2023-01-27T11:59:44+00:00 CRITICAL Maximum execution time of 120 seconds exceeded در C:\xampp\htdocs\se7enphoto\wp-admin\includes\class-wp-screen.php روی خط 1358

2023-01-27T11:59:48+00:00 CRITICAL Maximum execution time of 120 seconds exceeded در C:\xampp\htdocs\se7enphoto\wp-admin\includes\screen.php روی خط 245

2023-01-27T12:00:02+00:00 CRITICAL Maximum execution time of 120 seconds exceeded در C:\xampp\htdocs\se7enphoto\wp-admin\includes\template.php روی خط 12

2023-01-27T12:00:04+00:00 CRITICAL Maximum execution time of 120 seconds exceeded در C:\xampp\htdocs\se7enphoto\wp-admin\includes\theme.php روی خط 1212

2023-01-27T12:00:06+00:00 CRITICAL Maximum execution time of 120 seconds exceeded در C:\xampp\htdocs\se7enphoto\wp-admin\includes\class-wp-privacy-requests-table.php روی خط 560

2023-01-27T12:00:09+00:00 CRITICAL Maximum execution time of 120 seconds exceeded در C:\xampp\htdocs\se7enphoto\wp-admin\includes\user.php روی خط 670

2023-01-27T12:01:48+00:00 CRITICAL Maximum execution time of 120 seconds exceeded در C:\xampp\htdocs\se7enphoto\wp-content\plugins\woocommerce\includes\class-wc-order.php روی خط 2282

2023-01-27T12:01:49+00:00 CRITICAL Maximum execution time of 120 seconds exceeded در C:\xampp\htdocs\se7enphoto\wp-content\plugins\woocommerce\src\Internal\Admin\Notes\WooSubscriptionsNotes.php روی خط 10

2023-01-27T12:01:54+00:00 CRITICAL Maximum execution time of 120 seconds exceeded در C:\xampp\htdocs\se7enphoto\wp-content\plugins\woocommerce\src\Admin\API\Reports\Taxes\DataStore.php روی خط 8

2023-01-27T12:01:54+00:00 CRITICAL Maximum execution time of 120 seconds exceeded در C:\xampp\htdocs\se7enphoto\wp-content\plugins\woocommerce\packages\woocommerce-blocks\src\Migration.php روی خط 56

2023-01-27T12:01:58+00:00 CRITICAL Maximum execution time of 120 seconds exceeded در C:\xampp\htdocs\se7enphoto\wp-content\plugins\woocommerce\includes\wc-template-functions.php روی خط 77

2023-01-27T12:02:03+00:00 CRITICAL Maximum execution time of 120 seconds exceeded در C:\xampp\htdocs\se7enphoto\wp-content\mu-plugins\vendor\typerocket\vendor\symfony\polyfill-intl-normalizer\Normalizer.php روی خط 304

2023-01-27T12:02:06+00:00 CRITICAL Maximum execution time of 120 seconds exceeded در C:\xampp\htdocs\se7enphoto\wp-content\plugins\woocommerce\src\Admin\Features\OnboardingTasks\Tasks\Products.php روی خط 168

2023-01-27T12:02:07+00:00 CRITICAL Maximum execution time of 120 seconds exceeded در C:\xampp\htdocs\se7enphoto\wp-includes\block-patterns\query-standard-posts.php روی خط 9

2023-01-27T12:02:10+00:00 CRITICAL Maximum execution time of 120 seconds exceeded در C:\xampp\htdocs\se7enphoto\wp-includes\blocks.php روی خط 324

2023-01-27T12:03:56+00:00 CRITICAL Maximum execution time of 120 seconds exceeded در C:\xampp\htdocs\se7enphoto\wp-includes\l10n.php روی خط 1425

2023-01-27T12:15:44+00:00 CRITICAL Uncaught ArgumentCountError: Too few arguments to function WC_Abstract_Order::get_line_subtotal(), 0 passed in C:\xampp\htdocs\se7enphoto\wp-content\mu-plugins\vendor\typerocket\functions\shareholder-order-line-items.php on line 57 and at least 1 expected in C:\xampp\htdocs\se7enphoto\wp-content\plugins\woocommerce\includes\abstracts\abstract-wc-order.php:1894
Stack trace:
#0 C:\xampp\htdocs\se7enphoto\wp-content\mu-plugins\vendor\typerocket\functions\shareholder-order-line-items.php(57): WC_Abstract_Order->get_line_subtotal()
#1 C:\xampp\htdocs\se7enphoto\wp-includes\class-wp-hook.php(308): wp_kama_woocommerce_admin_order_totals_after_total_action(95)
#2 C:\xampp\htdocs\se7enphoto\wp-includes\class-wp-hook.php(332): WP_Hook->apply_filters('', Array)
#3 C:\xampp\htdocs\se7enphoto\wp-includes\plugin.php(517): WP_Hook->do_action(Array)
#4 C:\xampp\htdocs\se7enphoto\wp-content\plugins\woocommerce\includes\admin\meta-boxes\views\html-order-items.php(281): do_action('woocommerce_adm...', 95)
#5 C:\xampp\htdocs\se7 در C:\xampp\htdocs\se7enphoto\wp-content\plugins\woocommerce\includes\abstracts\abstract-wc-order.php روی خط 1894

2023-01-27T12:17:01+00:00 CRITICAL Uncaught ArgumentCountError: Too few arguments to function WC_Abstract_Order::get_line_subtotal(), 0 passed in C:\xampp\htdocs\se7enphoto\wp-content\mu-plugins\vendor\typerocket\functions\shareholder-order-line-items.php on line 57 and at least 1 expected in C:\xampp\htdocs\se7enphoto\wp-content\plugins\woocommerce\includes\abstracts\abstract-wc-order.php:1894
Stack trace:
#0 C:\xampp\htdocs\se7enphoto\wp-content\mu-plugins\vendor\typerocket\functions\shareholder-order-line-items.php(57): WC_Abstract_Order->get_line_subtotal()
#1 C:\xampp\htdocs\se7enphoto\wp-includes\class-wp-hook.php(308): wp_kama_woocommerce_admin_order_totals_after_total_action(95)
#2 C:\xampp\htdocs\se7enphoto\wp-includes\class-wp-hook.php(332): WP_Hook->apply_filters('', Array)
#3 C:\xampp\htdocs\se7enphoto\wp-includes\plugin.php(517): WP_Hook->do_action(Array)
#4 C:\xampp\htdocs\se7enphoto\wp-content\plugins\woocommerce\includes\admin\meta-boxes\views\html-order-items.php(281): do_action('woocommerce_adm...', 95)
#5 C:\xampp\htdocs\se7 در C:\xampp\htdocs\se7enphoto\wp-content\plugins\woocommerce\includes\abstracts\abstract-wc-order.php روی خط 1894

2023-01-27T12:18:24+00:00 CRITICAL Uncaught Error: Call to undefined method WC_Order_Item_Product::get_line_subtotal() in C:\xampp\htdocs\se7enphoto\wp-content\mu-plugins\vendor\typerocket\functions\shareholder-order-line-items.php:66
Stack trace:
#0 C:\xampp\htdocs\se7enphoto\wp-includes\class-wp-hook.php(308): wp_kama_woocommerce_admin_order_totals_after_total_action(95)
#1 C:\xampp\htdocs\se7enphoto\wp-includes\class-wp-hook.php(332): WP_Hook->apply_filters('', Array)
#2 C:\xampp\htdocs\se7enphoto\wp-includes\plugin.php(517): WP_Hook->do_action(Array)
#3 C:\xampp\htdocs\se7enphoto\wp-content\plugins\woocommerce\includes\admin\meta-boxes\views\html-order-items.php(281): do_action('woocommerce_adm...', 95)
#4 C:\xampp\htdocs\se7enphoto\wp-content\plugins\woocommerce\includes\admin\meta-boxes\class-wc-meta-box-order-items.php(40): include('C:\\xampp\\htdocs...')
#5 C:\xampp\htdocs\se7enphoto\wp-admin\includes\template.php(1409): WC_Meta_Box_Order_Items::output(Object(WP_Post), Array)
#6 C:\xampp\htdocs\se7enphoto\wp-admin\edit-form-advanced.ph در C:\xampp\htdocs\se7enphoto\wp-content\mu-plugins\vendor\typerocket\functions\shareholder-order-line-items.php روی خط 66

2023-01-27T12:18:41+00:00 CRITICAL Uncaught Error: Call to undefined method WC_Order_Item_Product::get_line_subtotal() in C:\xampp\htdocs\se7enphoto\wp-content\mu-plugins\vendor\typerocket\functions\shareholder-order-line-items.php:66
Stack trace:
#0 C:\xampp\htdocs\se7enphoto\wp-includes\class-wp-hook.php(308): wp_kama_woocommerce_admin_order_totals_after_total_action(95)
#1 C:\xampp\htdocs\se7enphoto\wp-includes\class-wp-hook.php(332): WP_Hook->apply_filters('', Array)
#2 C:\xampp\htdocs\se7enphoto\wp-includes\plugin.php(517): WP_Hook->do_action(Array)
#3 C:\xampp\htdocs\se7enphoto\wp-content\plugins\woocommerce\includes\admin\meta-boxes\views\html-order-items.php(281): do_action('woocommerce_adm...', 95)
#4 C:\xampp\htdocs\se7enphoto\wp-content\plugins\woocommerce\includes\admin\meta-boxes\class-wc-meta-box-order-items.php(40): include('C:\\xampp\\htdocs...')
#5 C:\xampp\htdocs\se7enphoto\wp-admin\includes\template.php(1409): WC_Meta_Box_Order_Items::output(Object(WP_Post), Array)
#6 C:\xampp\htdocs\se7enphoto\wp-admin\edit-form-advanced.ph در C:\xampp\htdocs\se7enphoto\wp-content\mu-plugins\vendor\typerocket\functions\shareholder-order-line-items.php روی خط 66

2023-01-27T18:07:04+00:00 CRITICAL Maximum execution time of 120 seconds exceeded در C:\xampp\htdocs\se7enphoto\wp-includes\Requests\IRI.php روی خط 1087

2023-01-27T18:51:46+00:00 CRITICAL Uncaught Error: Call to undefined method Automattic\WooCommerce\Admin\Overrides\Order::get_order_total() in C:\xampp\htdocs\se7enphoto\wp-content\mu-plugins\vendor\typerocket\functions\shareholder-order-line-items.php:54
Stack trace:
#0 C:\xampp\htdocs\se7enphoto\wp-includes\class-wp-hook.php(308): wp_kama_woocommerce_admin_order_totals_after_total_action(95)
#1 C:\xampp\htdocs\se7enphoto\wp-includes\class-wp-hook.php(332): WP_Hook->apply_filters('', Array)
#2 C:\xampp\htdocs\se7enphoto\wp-includes\plugin.php(517): WP_Hook->do_action(Array)
#3 C:\xampp\htdocs\se7enphoto\wp-content\plugins\woocommerce\includes\admin\meta-boxes\views\html-order-items.php(281): do_action('woocommerce_adm...', 95)
#4 C:\xampp\htdocs\se7enphoto\wp-content\plugins\woocommerce\includes\admin\meta-boxes\class-wc-meta-box-order-items.php(40): include('C:\\xampp\\htdocs...')
#5 C:\xampp\htdocs\se7enphoto\wp-admin\includes\template.php(1409): WC_Meta_Box_Order_Items::output(Object(WP_Post), Array)
#6 C:\xampp\htdocs\se7enphoto\wp-admin\ در C:\xampp\htdocs\se7enphoto\wp-content\mu-plugins\vendor\typerocket\functions\shareholder-order-line-items.php روی خط 54

2023-01-27T19:07:40+00:00 CRITICAL Uncaught Error: Unsupported operand types in C:\xampp\htdocs\se7enphoto\wp-content\mu-plugins\vendor\typerocket\functions\shareholder-order-line-items.php:92
Stack trace:
#0 C:\xampp\htdocs\se7enphoto\wp-includes\class-wp-hook.php(308): wp_kama_woocommerce_admin_order_totals_after_total_action(95)
#1 C:\xampp\htdocs\se7enphoto\wp-includes\class-wp-hook.php(332): WP_Hook->apply_filters('', Array)
#2 C:\xampp\htdocs\se7enphoto\wp-includes\plugin.php(517): WP_Hook->do_action(Array)
#3 C:\xampp\htdocs\se7enphoto\wp-content\plugins\woocommerce\includes\admin\meta-boxes\views\html-order-items.php(281): do_action('woocommerce_adm...', 95)
#4 C:\xampp\htdocs\se7enphoto\wp-content\plugins\woocommerce\includes\admin\meta-boxes\class-wc-meta-box-order-items.php(40): include('C:\\xampp\\htdocs...')
#5 C:\xampp\htdocs\se7enphoto\wp-admin\includes\template.php(1409): WC_Meta_Box_Order_Items::output(Object(WP_Post), Array)
#6 C:\xampp\htdocs\se7enphoto\wp-admin\edit-form-advanced.php(688): do_meta_boxes(Object(WP_Screen), ' در C:\xampp\htdocs\se7enphoto\wp-content\mu-plugins\vendor\typerocket\functions\shareholder-order-line-items.php روی خط 92

2023-01-27T19:08:19+00:00 CRITICAL Uncaught Error: Unsupported operand types in C:\xampp\htdocs\se7enphoto\wp-content\mu-plugins\vendor\typerocket\functions\shareholder-order-line-items.php:92
Stack trace:
#0 C:\xampp\htdocs\se7enphoto\wp-includes\class-wp-hook.php(308): wp_kama_woocommerce_admin_order_totals_after_total_action(95)
#1 C:\xampp\htdocs\se7enphoto\wp-includes\class-wp-hook.php(332): WP_Hook->apply_filters('', Array)
#2 C:\xampp\htdocs\se7enphoto\wp-includes\plugin.php(517): WP_Hook->do_action(Array)
#3 C:\xampp\htdocs\se7enphoto\wp-content\plugins\woocommerce\includes\admin\meta-boxes\views\html-order-items.php(281): do_action('woocommerce_adm...', 95)
#4 C:\xampp\htdocs\se7enphoto\wp-content\plugins\woocommerce\includes\admin\meta-boxes\class-wc-meta-box-order-items.php(40): include('C:\\xampp\\htdocs...')
#5 C:\xampp\htdocs\se7enphoto\wp-admin\includes\template.php(1409): WC_Meta_Box_Order_Items::output(Object(WP_Post), Array)
#6 C:\xampp\htdocs\se7enphoto\wp-admin\edit-form-advanced.php(688): do_meta_boxes(Object(WP_Screen), ' در C:\xampp\htdocs\se7enphoto\wp-content\mu-plugins\vendor\typerocket\functions\shareholder-order-line-items.php روی خط 92

2023-01-27T19:30:58+00:00 CRITICAL Uncaught Error: Unsupported operand types in C:\xampp\htdocs\se7enphoto\wp-content\mu-plugins\vendor\codestar-framework\panels\product-table\users-list.php:29
Stack trace:
#0 C:\xampp\htdocs\se7enphoto\wp-content\mu-plugins\vendor\codestar-framework\panels\product-table.php(45): users_list('administrator')
#1 C:\xampp\htdocs\se7enphoto\wp-includes\class-wp-hook.php(308): WPPlus->{closure}('')
#2 C:\xampp\htdocs\se7enphoto\wp-includes\class-wp-hook.php(332): WP_Hook->apply_filters('', Array)
#3 C:\xampp\htdocs\se7enphoto\wp-includes\plugin.php(517): WP_Hook->do_action(Array)
#4 C:\xampp\htdocs\se7enphoto\wp-content\plugins\woocommerce\includes\admin\meta-boxes\views\html-product-data-panel.php(54): do_action('woocommerce_pro...')
#5 C:\xampp\htdocs\se7enphoto\wp-content\plugins\woocommerce\includes\admin\meta-boxes\class-wc-meta-box-product-data.php(33): include('C:\\xampp\\htdocs...')
#6 C:\xampp\htdocs\se7enphoto\wp-admin\includes\template.php(1409): WC_Meta_Box_Product_Data::output(Object(WP_Post), Array)
# در C:\xampp\htdocs\se7enphoto\wp-content\mu-plugins\vendor\codestar-framework\panels\product-table\users-list.php روی خط 29

2023-01-27T19:55:05+00:00 CRITICAL Maximum execution time of 120 seconds exceeded در C:\xampp\htdocs\se7enphoto\wp-includes\pomo\streams.php روی خط 222

2023-01-27T19:55:07+00:00 CRITICAL Maximum execution time of 120 seconds exceeded در C:\xampp\htdocs\se7enphoto\wp-includes\pomo\entry.php روی خط 52

2023-01-27T20:14:32+00:00 CRITICAL Maximum execution time of 120 seconds exceeded در C:\xampp\htdocs\se7enphoto\wp-content\plugins\woocommerce\includes\admin\meta-boxes\views\html-product-data-advanced.php روی خط 2

2023-01-27T20:23:46+00:00 CRITICAL Uncaught Error: Cannot use object of type WP_User as array in C:\xampp\htdocs\se7enphoto\wp-content\mu-plugins\vendor\typerocket\functions\shareholder-order-line-items.php:112
Stack trace:
#0 C:\xampp\htdocs\se7enphoto\wp-includes\class-wp-hook.php(308): wp_kama_woocommerce_admin_order_totals_after_total_action(95)
#1 C:\xampp\htdocs\se7enphoto\wp-includes\class-wp-hook.php(332): WP_Hook->apply_filters('', Array)
#2 C:\xampp\htdocs\se7enphoto\wp-includes\plugin.php(517): WP_Hook->do_action(Array)
#3 C:\xampp\htdocs\se7enphoto\wp-content\plugins\woocommerce\includes\admin\meta-boxes\views\html-order-items.php(281): do_action('woocommerce_adm...', 95)
#4 C:\xampp\htdocs\se7enphoto\wp-content\plugins\woocommerce\includes\admin\meta-boxes\class-wc-meta-box-order-items.php(40): include('C:\\xampp\\htdocs...')
#5 C:\xampp\htdocs\se7enphoto\wp-admin\includes\template.php(1409): WC_Meta_Box_Order_Items::output(Object(WP_Post), Array)
#6 C:\xampp\htdocs\se7enphoto\wp-admin\edit-form-advanced.php(688): do_meta_boxes(Ob در C:\xampp\htdocs\se7enphoto\wp-content\mu-plugins\vendor\typerocket\functions\shareholder-order-line-items.php روی خط 112

2023-01-27T20:24:14+00:00 CRITICAL Uncaught Error: Cannot use object of type WP_User as array in C:\xampp\htdocs\se7enphoto\wp-content\mu-plugins\vendor\typerocket\functions\shareholder-order-line-items.php:112
Stack trace:
#0 C:\xampp\htdocs\se7enphoto\wp-includes\class-wp-hook.php(308): wp_kama_woocommerce_admin_order_totals_after_total_action(95)
#1 C:\xampp\htdocs\se7enphoto\wp-includes\class-wp-hook.php(332): WP_Hook->apply_filters('', Array)
#2 C:\xampp\htdocs\se7enphoto\wp-includes\plugin.php(517): WP_Hook->do_action(Array)
#3 C:\xampp\htdocs\se7enphoto\wp-content\plugins\woocommerce\includes\admin\meta-boxes\views\html-order-items.php(281): do_action('woocommerce_adm...', 95)
#4 C:\xampp\htdocs\se7enphoto\wp-content\plugins\woocommerce\includes\admin\meta-boxes\class-wc-meta-box-order-items.php(40): include('C:\\xampp\\htdocs...')
#5 C:\xampp\htdocs\se7enphoto\wp-admin\includes\template.php(1409): WC_Meta_Box_Order_Items::output(Object(WP_Post), Array)
#6 C:\xampp\htdocs\se7enphoto\wp-admin\edit-form-advanced.php(688): do_meta_boxes(Ob در C:\xampp\htdocs\se7enphoto\wp-content\mu-plugins\vendor\typerocket\functions\shareholder-order-line-items.php روی خط 112

2023-01-27T20:24:34+00:00 CRITICAL Uncaught Error: Cannot use object of type WP_User as array in C:\xampp\htdocs\se7enphoto\wp-content\mu-plugins\vendor\typerocket\functions\shareholder-order-line-items.php:112
Stack trace:
#0 C:\xampp\htdocs\se7enphoto\wp-includes\class-wp-hook.php(308): wp_kama_woocommerce_admin_order_totals_after_total_action(95)
#1 C:\xampp\htdocs\se7enphoto\wp-includes\class-wp-hook.php(332): WP_Hook->apply_filters('', Array)
#2 C:\xampp\htdocs\se7enphoto\wp-includes\plugin.php(517): WP_Hook->do_action(Array)
#3 C:\xampp\htdocs\se7enphoto\wp-content\plugins\woocommerce\includes\admin\meta-boxes\views\html-order-items.php(281): do_action('woocommerce_adm...', 95)
#4 C:\xampp\htdocs\se7enphoto\wp-content\plugins\woocommerce\includes\admin\meta-boxes\class-wc-meta-box-order-items.php(40): include('C:\\xampp\\htdocs...')
#5 C:\xampp\htdocs\se7enphoto\wp-admin\includes\template.php(1409): WC_Meta_Box_Order_Items::output(Object(WP_Post), Array)
#6 C:\xampp\htdocs\se7enphoto\wp-admin\edit-form-advanced.php(688): do_meta_boxes(Ob در C:\xampp\htdocs\se7enphoto\wp-content\mu-plugins\vendor\typerocket\functions\shareholder-order-line-items.php روی خط 112

