2023-02-10T07:19:57+00:00 CRITICAL Maximum execution time of 120 seconds exceeded در C:\xampp\htdocs\se7enphoto\wp-content\plugins\woocommerce\src\Internal\ProductDownloads\ApprovedDirectories\Admin\UI.php روی خط 463

2023-02-10T07:31:13+00:00 CRITICAL Uncaught Error: Object of class TypeRocket\Elements\Components\Tab could not be converted to string in C:\xampp\htdocs\se7enphoto\wp-content\mu-plugins\vendor\typerocket\functions\menu\shareholder\tab.php:26
Stack trace:
#0 C:\xampp\htdocs\se7enphoto\wp-content\mu-plugins\vendor\typerocket\functions\menu\shareholder.php(45): include()
#1 C:\xampp\htdocs\se7enphoto\wp-includes\class-wp-hook.php(308): shareholder_submenu_page_callback('')
#2 C:\xampp\htdocs\se7enphoto\wp-includes\class-wp-hook.php(332): WP_Hook->apply_filters('', Array)
#3 C:\xampp\htdocs\se7enphoto\wp-includes\plugin.php(517): WP_Hook->do_action(Array)
#4 C:\xampp\htdocs\se7enphoto\wp-admin\admin.php(259): do_action('%d9%88%d9%88%da...')
#5 {main}
  thrown در C:\xampp\htdocs\se7enphoto\wp-content\mu-plugins\vendor\typerocket\functions\menu\shareholder\tab.php روی خط 26

2023-02-10T07:39:02+00:00 CRITICAL Uncaught Error: Using $this when not in object context in C:\xampp\htdocs\se7enphoto\wp-content\mu-plugins\vendor\typerocket\functions\menu\shareholder\tab.php:35
Stack trace:
#0 C:\xampp\htdocs\se7enphoto\wp-content\mu-plugins\vendor\typerocket\functions\menu\shareholder.php(45): include()
#1 C:\xampp\htdocs\se7enphoto\wp-includes\class-wp-hook.php(308): shareholder_submenu_page_callback('')
#2 C:\xampp\htdocs\se7enphoto\wp-includes\class-wp-hook.php(332): WP_Hook->apply_filters('', Array)
#3 C:\xampp\htdocs\se7enphoto\wp-includes\plugin.php(517): WP_Hook->do_action(Array)
#4 C:\xampp\htdocs\se7enphoto\wp-admin\admin.php(259): do_action('%d9%88%d9%88%da...')
#5 {main}
  thrown در C:\xampp\htdocs\se7enphoto\wp-content\mu-plugins\vendor\typerocket\functions\menu\shareholder\tab.php روی خط 35

2023-02-10T07:41:15+00:00 CRITICAL Uncaught Error: Call to undefined method TypeRocket\Elements\Components\Tab::setSidebar() in C:\xampp\htdocs\se7enphoto\wp-content\mu-plugins\vendor\typerocket\functions\menu\shareholder\tab.php:31
Stack trace:
#0 C:\xampp\htdocs\se7enphoto\wp-content\mu-plugins\vendor\typerocket\functions\menu\shareholder.php(45): include()
#1 C:\xampp\htdocs\se7enphoto\wp-includes\class-wp-hook.php(308): shareholder_submenu_page_callback('')
#2 C:\xampp\htdocs\se7enphoto\wp-includes\class-wp-hook.php(332): WP_Hook->apply_filters('', Array)
#3 C:\xampp\htdocs\se7enphoto\wp-includes\plugin.php(517): WP_Hook->do_action(Array)
#4 C:\xampp\htdocs\se7enphoto\wp-admin\admin.php(259): do_action('%d9%88%d9%88%da...')
#5 {main}
  thrown در C:\xampp\htdocs\se7enphoto\wp-content\mu-plugins\vendor\typerocket\functions\menu\shareholder\tab.php روی خط 31

2023-02-10T07:46:39+00:00 CRITICAL Uncaught Error: Call to a member function setIcon() on null in C:\xampp\htdocs\se7enphoto\wp-content\mu-plugins\vendor\typerocket\functions\menu\shareholder\tab.php:14
Stack trace:
#0 C:\xampp\htdocs\se7enphoto\wp-content\mu-plugins\vendor\typerocket\functions\menu\shareholder.php(45): include()
#1 C:\xampp\htdocs\se7enphoto\wp-includes\class-wp-hook.php(308): shareholder_submenu_page_callback('')
#2 C:\xampp\htdocs\se7enphoto\wp-includes\class-wp-hook.php(332): WP_Hook->apply_filters('', Array)
#3 C:\xampp\htdocs\se7enphoto\wp-includes\plugin.php(517): WP_Hook->do_action(Array)
#4 C:\xampp\htdocs\se7enphoto\wp-admin\admin.php(259): do_action('%d9%88%d9%88%da...')
#5 {main}
  thrown در C:\xampp\htdocs\se7enphoto\wp-content\mu-plugins\vendor\typerocket\functions\menu\shareholder\tab.php روی خط 14

2023-02-10T07:47:04+00:00 CRITICAL Uncaught Error: Call to a member function setIcon() on null in C:\xampp\htdocs\se7enphoto\wp-content\mu-plugins\vendor\typerocket\functions\menu\shareholder\tab.php:14
Stack trace:
#0 C:\xampp\htdocs\se7enphoto\wp-content\mu-plugins\vendor\typerocket\functions\menu\shareholder.php(45): include()
#1 C:\xampp\htdocs\se7enphoto\wp-includes\class-wp-hook.php(308): shareholder_submenu_page_callback('')
#2 C:\xampp\htdocs\se7enphoto\wp-includes\class-wp-hook.php(332): WP_Hook->apply_filters('', Array)
#3 C:\xampp\htdocs\se7enphoto\wp-includes\plugin.php(517): WP_Hook->do_action(Array)
#4 C:\xampp\htdocs\se7enphoto\wp-admin\admin.php(259): do_action('%d9%88%d9%88%da...')
#5 {main}
  thrown در C:\xampp\htdocs\se7enphoto\wp-content\mu-plugins\vendor\typerocket\functions\menu\shareholder\tab.php روی خط 14

2023-02-10T07:55:40+00:00 CRITICAL Maximum execution time of 120 seconds exceeded در C:\xampp\htdocs\se7enphoto\wp-includes\functions.php روی خط 6620

2023-02-10T17:08:42+00:00 CRITICAL Maximum execution time of 120 seconds exceeded در C:\xampp\htdocs\se7enphoto\wp-content\plugins\woocommerce\src\Internal\Settings\OptionSanitizer.php روی خط 10

2023-02-10T17:08:50+00:00 CRITICAL Maximum execution time of 120 seconds exceeded در C:\xampp\htdocs\se7enphoto\wp-content\plugins\woocommerce\src\Internal\Admin\Loader.php روی خط 572

2023-02-10T17:09:36+00:00 CRITICAL Maximum execution time of 120 seconds exceeded در C:\xampp\htdocs\se7enphoto\wp-content\plugins\woocommerce\packages\woocommerce-blocks\src\BlockTypes\CheckoutOrderSummaryCouponFormBlock.php روی خط 15

2023-02-10T17:09:52+00:00 CRITICAL Maximum execution time of 120 seconds exceeded در C:\xampp\htdocs\se7enphoto\wp-admin\includes\post.php روی خط 2518

2023-02-10T17:10:01+00:00 CRITICAL Maximum execution time of 120 seconds exceeded در C:\xampp\htdocs\se7enphoto\wp-admin\includes\template.php روی خط 12

2023-02-10T17:19:47+00:00 CRITICAL Uncaught Error: Call to a member function select() on array in C:\xampp\htdocs\se7enphoto\wp-content\mu-plugins\vendor\typerocket\functions\menu\shareholder.php:47
Stack trace:
#0 C:\xampp\htdocs\se7enphoto\wp-includes\class-wp-hook.php(308): shareholder_submenu_page_callback('')
#1 C:\xampp\htdocs\se7enphoto\wp-includes\class-wp-hook.php(332): WP_Hook->apply_filters('', Array)
#2 C:\xampp\htdocs\se7enphoto\wp-includes\plugin.php(517): WP_Hook->do_action(Array)
#3 C:\xampp\htdocs\se7enphoto\wp-admin\admin.php(259): do_action('%d9%88%d9%88%da...')
#4 {main}
  thrown در C:\xampp\htdocs\se7enphoto\wp-content\mu-plugins\vendor\typerocket\functions\menu\shareholder.php روی خط 47

2023-02-10T17:22:08+00:00 CRITICAL Uncaught Error: Call to a member function select() on array in C:\xampp\htdocs\se7enphoto\wp-content\mu-plugins\vendor\typerocket\functions\menu\shareholder.php:47
Stack trace:
#0 C:\xampp\htdocs\se7enphoto\wp-includes\class-wp-hook.php(308): shareholder_submenu_page_callback('')
#1 C:\xampp\htdocs\se7enphoto\wp-includes\class-wp-hook.php(332): WP_Hook->apply_filters('', Array)
#2 C:\xampp\htdocs\se7enphoto\wp-includes\plugin.php(517): WP_Hook->do_action(Array)
#3 C:\xampp\htdocs\se7enphoto\wp-admin\admin.php(259): do_action('%d9%88%d9%88%da...')
#4 {main}
  thrown در C:\xampp\htdocs\se7enphoto\wp-content\mu-plugins\vendor\typerocket\functions\menu\shareholder.php روی خط 47

2023-02-10T17:25:03+00:00 CRITICAL Uncaught Error: Call to a member function where() on array in C:\xampp\htdocs\se7enphoto\wp-content\mu-plugins\vendor\typerocket\functions\menu\shareholder.php:47
Stack trace:
#0 C:\xampp\htdocs\se7enphoto\wp-includes\class-wp-hook.php(308): shareholder_submenu_page_callback('')
#1 C:\xampp\htdocs\se7enphoto\wp-includes\class-wp-hook.php(332): WP_Hook->apply_filters('', Array)
#2 C:\xampp\htdocs\se7enphoto\wp-includes\plugin.php(517): WP_Hook->do_action(Array)
#3 C:\xampp\htdocs\se7enphoto\wp-admin\admin.php(259): do_action('%d9%88%d9%88%da...')
#4 {main}
  thrown در C:\xampp\htdocs\se7enphoto\wp-content\mu-plugins\vendor\typerocket\functions\menu\shareholder.php روی خط 47

2023-02-10T17:25:53+00:00 CRITICAL Uncaught Error: Call to a member function setIdColumn() on array in C:\xampp\htdocs\se7enphoto\wp-content\mu-plugins\vendor\typerocket\functions\menu\shareholder.php:47
Stack trace:
#0 C:\xampp\htdocs\se7enphoto\wp-includes\class-wp-hook.php(308): shareholder_submenu_page_callback('')
#1 C:\xampp\htdocs\se7enphoto\wp-includes\class-wp-hook.php(332): WP_Hook->apply_filters('', Array)
#2 C:\xampp\htdocs\se7enphoto\wp-includes\plugin.php(517): WP_Hook->do_action(Array)
#3 C:\xampp\htdocs\se7enphoto\wp-admin\admin.php(259): do_action('%d9%88%d9%88%da...')
#4 {main}
  thrown در C:\xampp\htdocs\se7enphoto\wp-content\mu-plugins\vendor\typerocket\functions\menu\shareholder.php روی خط 47

2023-02-10T17:26:24+00:00 CRITICAL Uncaught Error: Call to a member function get() on array in C:\xampp\htdocs\se7enphoto\wp-content\mu-plugins\vendor\typerocket\functions\menu\shareholder.php:47
Stack trace:
#0 C:\xampp\htdocs\se7enphoto\wp-includes\class-wp-hook.php(308): shareholder_submenu_page_callback('')
#1 C:\xampp\htdocs\se7enphoto\wp-includes\class-wp-hook.php(332): WP_Hook->apply_filters('', Array)
#2 C:\xampp\htdocs\se7enphoto\wp-includes\plugin.php(517): WP_Hook->do_action(Array)
#3 C:\xampp\htdocs\se7enphoto\wp-admin\admin.php(259): do_action('%d9%88%d9%88%da...')
#4 {main}
  thrown در C:\xampp\htdocs\se7enphoto\wp-content\mu-plugins\vendor\typerocket\functions\menu\shareholder.php روی خط 47

2023-02-10T17:27:39+00:00 CRITICAL Uncaught Error: Call to a member function get() on array in C:\xampp\htdocs\se7enphoto\wp-content\mu-plugins\vendor\typerocket\functions\menu\shareholder.php:48
Stack trace:
#0 C:\xampp\htdocs\se7enphoto\wp-includes\class-wp-hook.php(308): shareholder_submenu_page_callback('')
#1 C:\xampp\htdocs\se7enphoto\wp-includes\class-wp-hook.php(332): WP_Hook->apply_filters('', Array)
#2 C:\xampp\htdocs\se7enphoto\wp-includes\plugin.php(517): WP_Hook->do_action(Array)
#3 C:\xampp\htdocs\se7enphoto\wp-admin\admin.php(259): do_action('%d9%88%d9%88%da...')
#4 {main}
  thrown در C:\xampp\htdocs\se7enphoto\wp-content\mu-plugins\vendor\typerocket\functions\menu\shareholder.php روی خط 48

2023-02-10T20:36:22+00:00 CRITICAL Maximum execution time of 120 seconds exceeded در C:\xampp\htdocs\se7enphoto\wp-content\plugins\woocommerce\packages\woocommerce-blocks\build\checkout.asset.php روی خط 1

2023-02-10T20:36:42+00:00 CRITICAL Maximum execution time of 120 seconds exceeded در C:\xampp\htdocs\se7enphoto\wp-includes\class-wp-admin-bar.php روی خط 667

