2023-02-05T17:19:09+00:00 CRITICAL Maximum execution time of 120 seconds exceeded در C:\xampp\htdocs\se7enphoto\wp-content\plugins\woocommerce\packages\woocommerce-blocks\src\BlockTypes\CheckoutOrderSummaryBlock.php روی خط 15

2023-02-05T19:50:16+00:00 CRITICAL Uncaught Error: Call to a member function findAll() on null in C:\xampp\htdocs\se7enphoto\wp-content\mu-plugins\vendor\typerocket\functions\shareholder-table\date-table.php:6
Stack trace:
#0 C:\xampp\htdocs\se7enphoto\wp-content\mu-plugins\vendor\typerocket\functions\shareholder-submenu.php(44): include()
#1 C:\xampp\htdocs\se7enphoto\wp-includes\class-wp-hook.php(308): shareholder_table_submenu_page_callback('')
#2 C:\xampp\htdocs\se7enphoto\wp-includes\class-wp-hook.php(332): WP_Hook->apply_filters('', Array)
#3 C:\xampp\htdocs\se7enphoto\wp-includes\plugin.php(517): WP_Hook->do_action(Array)
#4 C:\xampp\htdocs\se7enphoto\wp-admin\admin.php(259): do_action('%d9%88%d9%88%da...')
#5 {main}
  thrown در C:\xampp\htdocs\se7enphoto\wp-content\mu-plugins\vendor\typerocket\functions\shareholder-table\date-table.php روی خط 6

2023-02-05T19:50:51+00:00 CRITICAL Uncaught Error: Object of class stdClass could not be converted to string in C:\xampp\htdocs\se7enphoto\wp-content\mu-plugins\vendor\typerocket\functions\shareholder-table\date-table.php:11
Stack trace:
#0 C:\xampp\htdocs\se7enphoto\wp-content\mu-plugins\vendor\typerocket\functions\shareholder-submenu.php(44): include()
#1 C:\xampp\htdocs\se7enphoto\wp-includes\class-wp-hook.php(308): shareholder_table_submenu_page_callback('')
#2 C:\xampp\htdocs\se7enphoto\wp-includes\class-wp-hook.php(332): WP_Hook->apply_filters('', Array)
#3 C:\xampp\htdocs\se7enphoto\wp-includes\plugin.php(517): WP_Hook->do_action(Array)
#4 C:\xampp\htdocs\se7enphoto\wp-admin\admin.php(259): do_action('%d9%88%d9%88%da...')
#5 {main}
  thrown در C:\xampp\htdocs\se7enphoto\wp-content\mu-plugins\vendor\typerocket\functions\shareholder-table\date-table.php روی خط 11

2023-02-05T19:52:13+00:00 CRITICAL Uncaught Error: Object of class stdClass could not be converted to string in C:\xampp\htdocs\se7enphoto\wp-content\mu-plugins\vendor\typerocket\functions\shareholder-table\date-table.php:11
Stack trace:
#0 C:\xampp\htdocs\se7enphoto\wp-content\mu-plugins\vendor\typerocket\functions\shareholder-submenu.php(44): include()
#1 C:\xampp\htdocs\se7enphoto\wp-includes\class-wp-hook.php(308): shareholder_table_submenu_page_callback('')
#2 C:\xampp\htdocs\se7enphoto\wp-includes\class-wp-hook.php(332): WP_Hook->apply_filters('', Array)
#3 C:\xampp\htdocs\se7enphoto\wp-includes\plugin.php(517): WP_Hook->do_action(Array)
#4 C:\xampp\htdocs\se7enphoto\wp-admin\admin.php(259): do_action('%d9%88%d9%88%da...')
#5 {main}
  thrown در C:\xampp\htdocs\se7enphoto\wp-content\mu-plugins\vendor\typerocket\functions\shareholder-table\date-table.php روی خط 11

2023-02-05T20:37:15+00:00 CRITICAL Uncaught Error: Cannot use assign-op operators with string offsets in C:\xampp\htdocs\se7enphoto\wp-content\mu-plugins\vendor\typerocket\functions\shareholder-table\date-table.php:23
Stack trace:
#0 C:\xampp\htdocs\se7enphoto\wp-content\mu-plugins\vendor\typerocket\functions\shareholder-submenu.php(44): include()
#1 C:\xampp\htdocs\se7enphoto\wp-includes\class-wp-hook.php(308): shareholder_table_submenu_page_callback('')
#2 C:\xampp\htdocs\se7enphoto\wp-includes\class-wp-hook.php(332): WP_Hook->apply_filters('', Array)
#3 C:\xampp\htdocs\se7enphoto\wp-includes\plugin.php(517): WP_Hook->do_action(Array)
#4 C:\xampp\htdocs\se7enphoto\wp-admin\admin.php(259): do_action('%d9%88%d9%88%da...')
#5 {main}
  thrown در C:\xampp\htdocs\se7enphoto\wp-content\mu-plugins\vendor\typerocket\functions\shareholder-table\date-table.php روی خط 23

2023-02-05T20:37:46+00:00 CRITICAL Uncaught Error: Cannot use assign-op operators with string offsets in C:\xampp\htdocs\se7enphoto\wp-content\mu-plugins\vendor\typerocket\functions\shareholder-table\date-table.php:23
Stack trace:
#0 C:\xampp\htdocs\se7enphoto\wp-content\mu-plugins\vendor\typerocket\functions\shareholder-submenu.php(44): include()
#1 C:\xampp\htdocs\se7enphoto\wp-includes\class-wp-hook.php(308): shareholder_table_submenu_page_callback('')
#2 C:\xampp\htdocs\se7enphoto\wp-includes\class-wp-hook.php(332): WP_Hook->apply_filters('', Array)
#3 C:\xampp\htdocs\se7enphoto\wp-includes\plugin.php(517): WP_Hook->do_action(Array)
#4 C:\xampp\htdocs\se7enphoto\wp-admin\admin.php(259): do_action('%d9%88%d9%88%da...')
#5 {main}
  thrown در C:\xampp\htdocs\se7enphoto\wp-content\mu-plugins\vendor\typerocket\functions\shareholder-table\date-table.php روی خط 23

2023-02-05T20:37:59+00:00 CRITICAL Uncaught Error: Cannot use assign-op operators with string offsets in C:\xampp\htdocs\se7enphoto\wp-content\mu-plugins\vendor\typerocket\functions\shareholder-table\date-table.php:23
Stack trace:
#0 C:\xampp\htdocs\se7enphoto\wp-content\mu-plugins\vendor\typerocket\functions\shareholder-submenu.php(44): include()
#1 C:\xampp\htdocs\se7enphoto\wp-includes\class-wp-hook.php(308): shareholder_table_submenu_page_callback('')
#2 C:\xampp\htdocs\se7enphoto\wp-includes\class-wp-hook.php(332): WP_Hook->apply_filters('', Array)
#3 C:\xampp\htdocs\se7enphoto\wp-includes\plugin.php(517): WP_Hook->do_action(Array)
#4 C:\xampp\htdocs\se7enphoto\wp-admin\admin.php(259): do_action('%d9%88%d9%88%da...')
#5 {main}
  thrown در C:\xampp\htdocs\se7enphoto\wp-content\mu-plugins\vendor\typerocket\functions\shareholder-table\date-table.php روی خط 23

2023-02-05T20:41:53+00:00 CRITICAL Uncaught Error: Cannot use assign-op operators with string offsets in C:\xampp\htdocs\se7enphoto\wp-content\mu-plugins\vendor\typerocket\functions\shareholder-table\date-table.php:23
Stack trace:
#0 C:\xampp\htdocs\se7enphoto\wp-content\mu-plugins\vendor\typerocket\functions\shareholder-submenu.php(44): include()
#1 C:\xampp\htdocs\se7enphoto\wp-includes\class-wp-hook.php(308): shareholder_table_submenu_page_callback('')
#2 C:\xampp\htdocs\se7enphoto\wp-includes\class-wp-hook.php(332): WP_Hook->apply_filters('', Array)
#3 C:\xampp\htdocs\se7enphoto\wp-includes\plugin.php(517): WP_Hook->do_action(Array)
#4 C:\xampp\htdocs\se7enphoto\wp-admin\admin.php(259): do_action('%d9%88%d9%88%da...')
#5 {main}
  thrown در C:\xampp\htdocs\se7enphoto\wp-content\mu-plugins\vendor\typerocket\functions\shareholder-table\date-table.php روی خط 23

