2023-02-02T14:58:58+00:00 CRITICAL Maximum execution time of 120 seconds exceeded در C:\xampp\htdocs\se7enphoto\wp-content\plugins\woocommerce\packages\woocommerce-blocks\build\active-filters-frontend.asset.php روی خط 1

2023-02-02T18:11:01+00:00 CRITICAL Maximum execution time of 120 seconds exceeded در C:\xampp\htdocs\se7enphoto\wp-content\plugins\woocommerce\packages\woocommerce-blocks\build\featured-product.asset.php روی خط 1

2023-02-02T18:34:29+00:00 CRITICAL Maximum execution time of 120 seconds exceeded در C:\xampp\htdocs\se7enphoto\wp-content\plugins\woocommerce\src\Internal\DataStores\CustomMetaDataStore.php روی خط 194

2023-02-02T18:34:31+00:00 CRITICAL Maximum execution time of 120 seconds exceeded در C:\xampp\htdocs\se7enphoto\wp-content\plugins\woocommerce\src\Internal\DataStores\Orders\OrdersTableRefundDataStore.php روی خط 195

2023-02-02T18:36:49+00:00 CRITICAL Maximum execution time of 120 seconds exceeded در C:\xampp\htdocs\se7enphoto\wp-includes\widgets\class-wp-widget-text.php روی خط 571

2023-02-02T18:36:49+00:00 CRITICAL Maximum execution time of 120 seconds exceeded در C:\xampp\htdocs\se7enphoto\wp-includes\widgets\class-wp-widget-text.php روی خط 571

2023-02-02T18:38:51+00:00 CRITICAL Maximum execution time of 120 seconds exceeded در C:\xampp\htdocs\se7enphoto\wp-content\plugins\woocommerce\packages\woocommerce-blocks\src\Assets\Api.php روی خط 222

2023-02-02T21:40:13+00:00 CRITICAL Uncaught Error: Class 'Employees_List_Table' not found in C:\xampp\htdocs\se7enphoto\wp-content\mu-plugins\vendor\typerocket\functions\shareholder-submenu.php:31
Stack trace:
#0 C:\xampp\htdocs\se7enphoto\wp-includes\class-wp-hook.php(308): my_tbl_add_options('')
#1 C:\xampp\htdocs\se7enphoto\wp-includes\class-wp-hook.php(332): WP_Hook->apply_filters('', Array)
#2 C:\xampp\htdocs\se7enphoto\wp-includes\plugin.php(517): WP_Hook->do_action(Array)
#3 C:\xampp\htdocs\se7enphoto\wp-admin\admin.php(237): do_action('load-%d9%88%d9%...')
#4 {main}
  thrown در C:\xampp\htdocs\se7enphoto\wp-content\mu-plugins\vendor\typerocket\functions\shareholder-submenu.php روی خط 31

2023-02-02T21:40:36+00:00 CRITICAL Uncaught Error: Class 'Employees_List_Table' not found in C:\xampp\htdocs\se7enphoto\wp-content\mu-plugins\vendor\typerocket\functions\shareholder-submenu.php:31
Stack trace:
#0 C:\xampp\htdocs\se7enphoto\wp-includes\class-wp-hook.php(308): my_tbl_add_options('')
#1 C:\xampp\htdocs\se7enphoto\wp-includes\class-wp-hook.php(332): WP_Hook->apply_filters('', Array)
#2 C:\xampp\htdocs\se7enphoto\wp-includes\plugin.php(517): WP_Hook->do_action(Array)
#3 C:\xampp\htdocs\se7enphoto\wp-admin\admin.php(237): do_action('load-%d9%88%d9%...')
#4 {main}
  thrown در C:\xampp\htdocs\se7enphoto\wp-content\mu-plugins\vendor\typerocket\functions\shareholder-submenu.php روی خط 31

