2023-03-09T15:42:22+00:00 CRITICAL Uncaught Error: Call to a member function is_on_sale() on null in C:\xampp\htdocs\se7enphoto\wp-content\mu-plugins\vendor\typerocket\resources\themes\woocommerce\single-product\sale-flash.php:25
Stack trace:
#0 C:\xampp\htdocs\se7enphoto\wp-content\plugins\woocommerce\includes\wc-core-functions.php(345): include()
#1 C:\xampp\htdocs\se7enphoto\wp-content\plugins\woocommerce\includes\wc-template-functions.php(1677): wc_get_template('single-product/...')
#2 C:\xampp\htdocs\se7enphoto\wp-includes\class-wp-hook.php(308): woocommerce_show_product_sale_flash('')
#3 C:\xampp\htdocs\se7enphoto\wp-includes\class-wp-hook.php(332): WP_Hook->apply_filters('', Array)
#4 C:\xampp\htdocs\se7enphoto\wp-includes\plugin.php(517): WP_Hook->do_action(Array)
#5 C:\xampp\htdocs\se7enphoto\wp-content\mu-plugins\vendor\typerocket\resources\themes\woocommerce\content-single-product.php(43): do_action('woocommerce_bef...')
#6 C:\xampp\htdocs\se7enphoto\wp-includes\template.php(785): require('C:\\xampp\\htdocs...')
#7 C:\xampp\htdocs\s در C:\xampp\htdocs\se7enphoto\wp-content\mu-plugins\vendor\typerocket\resources\themes\woocommerce\single-product\sale-flash.php روی خط 25

2023-03-09T15:42:22+00:00 CRITICAL Uncaught Error: Call to a member function is_on_sale() on null in C:\xampp\htdocs\se7enphoto\wp-content\mu-plugins\vendor\typerocket\resources\themes\woocommerce\single-product\sale-flash.php:25
Stack trace:
#0 C:\xampp\htdocs\se7enphoto\wp-content\plugins\woocommerce\includes\wc-core-functions.php(345): include()
#1 C:\xampp\htdocs\se7enphoto\wp-content\plugins\woocommerce\includes\wc-template-functions.php(1677): wc_get_template('single-product/...')
#2 C:\xampp\htdocs\se7enphoto\wp-includes\class-wp-hook.php(308): woocommerce_show_product_sale_flash('')
#3 C:\xampp\htdocs\se7enphoto\wp-includes\class-wp-hook.php(332): WP_Hook->apply_filters('', Array)
#4 C:\xampp\htdocs\se7enphoto\wp-includes\plugin.php(517): WP_Hook->do_action(Array)
#5 C:\xampp\htdocs\se7enphoto\wp-content\mu-plugins\vendor\typerocket\resources\themes\woocommerce\content-single-product.php(43): do_action('woocommerce_bef...')
#6 C:\xampp\htdocs\se7enphoto\wp-includes\template.php(785): require('C:\\xampp\\htdocs...')
#7 C:\xampp\htdocs\s در C:\xampp\htdocs\se7enphoto\wp-content\mu-plugins\vendor\typerocket\resources\themes\woocommerce\single-product\sale-flash.php روی خط 25

2023-03-09T16:54:19+00:00 CRITICAL Maximum execution time of 120 seconds exceeded در C:\xampp\htdocs\se7enphoto\wp-content\plugins\real-physical-media\vendor\devowl-wp\utils\src\Localization.php روی خط 150

