2023-01-22T17:20:54+00:00 CRITICAL Maximum execution time of 120 seconds exceeded در C:\xampp\htdocs\se7enphoto\wp-content\mu-plugins\vendor\wpackagist\vendor\plugins\query-monitor\collectors\languages.php روی خط 200

2023-01-22T17:21:08+00:00 CRITICAL Maximum execution time of 120 seconds exceeded در C:\xampp\htdocs\se7enphoto\wp-admin\includes\post.php روی خط 2518

2023-01-22T17:22:30+00:00 CRITICAL Maximum execution time of 120 seconds exceeded در C:\xampp\htdocs\se7enphoto\wp-content\plugins\woocommerce\src\Admin\API\Orders.php روی خط 10

2023-01-22T17:27:30+00:00 CRITICAL Maximum execution time of 120 seconds exceeded در C:\xampp\htdocs\se7enphoto\wp-includes\class-wpdb.php روی خط 2187

2023-01-22T17:27:37+00:00 CRITICAL Maximum execution time of 120 seconds exceeded در C:\xampp\htdocs\se7enphoto\wp-admin\includes\file.php روی خط 16

2023-01-22T17:27:59+00:00 CRITICAL Maximum execution time of 120 seconds exceeded در C:\xampp\htdocs\se7enphoto\wp-admin\includes\taxonomy.php روی خط 317

2023-01-22T17:28:53+00:00 CRITICAL Maximum execution time of 120 seconds exceeded در C:\xampp\htdocs\se7enphoto\wp-content\plugins\woocommerce\includes\admin\settings\class-wc-settings-general.php روی خط 10

2023-01-22T17:40:21+00:00 CRITICAL Uncaught Error: Cannot access protected property WC_Order_Item_Product::$data in C:\xampp\htdocs\se7enphoto\wp-content\mu-plugins\vendor\typerocket\functions\shareholder-order-line-items.php:9
Stack trace:
#0 C:\xampp\htdocs\se7enphoto\wp-includes\class-wp-hook.php(308): wp_kama_woocommerce_after_order_itemmeta_action(2, Object(WC_Order_Item_Product), Object(WC_Product_Variable))
#1 C:\xampp\htdocs\se7enphoto\wp-includes\class-wp-hook.php(332): WP_Hook->apply_filters('', Array)
#2 C:\xampp\htdocs\se7enphoto\wp-includes\plugin.php(517): WP_Hook->do_action(Array)
#3 C:\xampp\htdocs\se7enphoto\wp-content\plugins\woocommerce\includes\admin\meta-boxes\views\html-order-item.php(45): do_action('woocommerce_aft...', 2, Object(WC_Order_Item_Product), Object(WC_Product_Variable))
#4 C:\xampp\htdocs\se7enphoto\wp-content\plugins\woocommerce\includes\admin\meta-boxes\views\html-order-items.php(73): include('C:\\xampp\\htdocs...')
#5 C:\xampp\htdocs\se7enphoto\wp-content\plugins\woocommerce\includes\admin\meta-boxes\class در C:\xampp\htdocs\se7enphoto\wp-content\mu-plugins\vendor\typerocket\functions\shareholder-order-line-items.php روی خط 9

2023-01-22T18:19:57+00:00 CRITICAL Maximum execution time of 120 seconds exceeded در C:\xampp\htdocs\se7enphoto\wp-content\mu-plugins\vendor\typerocket\routes\public.php روی خط 6

2023-01-22T18:19:58+00:00 CRITICAL Maximum execution time of 120 seconds exceeded در C:\xampp\htdocs\se7enphoto\wp-content\mu-plugins\vendor\typerocket\routes\public.php روی خط 6

2023-01-22T18:20:29+00:00 CRITICAL Maximum execution time of 120 seconds exceeded در C:\xampp\htdocs\se7enphoto\wp-content\plugins\woocommerce\packages\woocommerce-blocks\src\BlockTypes\ProductCategoryList.php روی خط 60

2023-01-22T18:21:30+00:00 CRITICAL Maximum execution time of 120 seconds exceeded در C:\xampp\htdocs\se7enphoto\wp-includes\Requests\Transport\cURL.php روی خط 462

2023-01-22T18:39:10+00:00 CRITICAL Uncaught Error: Cannot access protected property WC_Order_Item_Product::$data in C:\xampp\htdocs\se7enphoto\wp-content\mu-plugins\vendor\typerocket\functions\shareholder-order-line-items.php:9
Stack trace:
#0 C:\xampp\htdocs\se7enphoto\wp-includes\class-wp-hook.php(308): wp_kama_woocommerce_after_order_itemmeta_action(2, Object(WC_Order_Item_Product), Object(WC_Product_Variable))
#1 C:\xampp\htdocs\se7enphoto\wp-includes\class-wp-hook.php(332): WP_Hook->apply_filters('', Array)
#2 C:\xampp\htdocs\se7enphoto\wp-includes\plugin.php(517): WP_Hook->do_action(Array)
#3 C:\xampp\htdocs\se7enphoto\wp-content\plugins\woocommerce\includes\admin\meta-boxes\views\html-order-item.php(45): do_action('woocommerce_aft...', 2, Object(WC_Order_Item_Product), Object(WC_Product_Variable))
#4 C:\xampp\htdocs\se7enphoto\wp-content\plugins\woocommerce\includes\admin\meta-boxes\views\html-order-items.php(73): include('C:\\xampp\\htdocs...')
#5 C:\xampp\htdocs\se7enphoto\wp-content\plugins\woocommerce\includes\admin\meta-boxes\class در C:\xampp\htdocs\se7enphoto\wp-content\mu-plugins\vendor\typerocket\functions\shareholder-order-line-items.php روی خط 9

2023-01-22T18:44:05+00:00 CRITICAL Uncaught Error: Call to undefined method WC_Order_Item_Product::order_id() in C:\xampp\htdocs\se7enphoto\wp-content\mu-plugins\vendor\typerocket\functions\shareholder-order-line-items.php:9
Stack trace:
#0 C:\xampp\htdocs\se7enphoto\wp-includes\class-wp-hook.php(308): wp_kama_woocommerce_after_order_itemmeta_action(2, Object(WC_Order_Item_Product), Object(WC_Product_Variable))
#1 C:\xampp\htdocs\se7enphoto\wp-includes\class-wp-hook.php(332): WP_Hook->apply_filters('', Array)
#2 C:\xampp\htdocs\se7enphoto\wp-includes\plugin.php(517): WP_Hook->do_action(Array)
#3 C:\xampp\htdocs\se7enphoto\wp-content\plugins\woocommerce\includes\admin\meta-boxes\views\html-order-item.php(45): do_action('woocommerce_aft...', 2, Object(WC_Order_Item_Product), Object(WC_Product_Variable))
#4 C:\xampp\htdocs\se7enphoto\wp-content\plugins\woocommerce\includes\admin\meta-boxes\views\html-order-items.php(73): include('C:\\xampp\\htdocs...')
#5 C:\xampp\htdocs\se7enphoto\wp-content\plugins\woocommerce\includes\admin\meta-boxes\class-wc در C:\xampp\htdocs\se7enphoto\wp-content\mu-plugins\vendor\typerocket\functions\shareholder-order-line-items.php روی خط 9

2023-01-22T18:45:28+00:00 CRITICAL Uncaught Error: Cannot access protected property WC_Order_Item_Product::$data in C:\xampp\htdocs\se7enphoto\wp-content\mu-plugins\vendor\typerocket\functions\shareholder-order-line-items.php:9
Stack trace:
#0 C:\xampp\htdocs\se7enphoto\wp-includes\class-wp-hook.php(308): wp_kama_woocommerce_after_order_itemmeta_action(2, Object(WC_Order_Item_Product), Object(WC_Product_Variable))
#1 C:\xampp\htdocs\se7enphoto\wp-includes\class-wp-hook.php(332): WP_Hook->apply_filters('', Array)
#2 C:\xampp\htdocs\se7enphoto\wp-includes\plugin.php(517): WP_Hook->do_action(Array)
#3 C:\xampp\htdocs\se7enphoto\wp-content\plugins\woocommerce\includes\admin\meta-boxes\views\html-order-item.php(45): do_action('woocommerce_aft...', 2, Object(WC_Order_Item_Product), Object(WC_Product_Variable))
#4 C:\xampp\htdocs\se7enphoto\wp-content\plugins\woocommerce\includes\admin\meta-boxes\views\html-order-items.php(73): include('C:\\xampp\\htdocs...')
#5 C:\xampp\htdocs\se7enphoto\wp-content\plugins\woocommerce\includes\admin\meta-boxes\class در C:\xampp\htdocs\se7enphoto\wp-content\mu-plugins\vendor\typerocket\functions\shareholder-order-line-items.php روی خط 9

2023-01-22T19:51:16+00:00 CRITICAL Uncaught Error: Call to a member function get_total() on int in C:\xampp\htdocs\se7enphoto\wp-content\mu-plugins\vendor\typerocket\functions\shareholder-order-line-items.php:31
Stack trace:
#0 C:\xampp\htdocs\se7enphoto\wp-includes\class-wp-hook.php(308): wp_kama_woocommerce_after_order_itemmeta_action(2, Object(WC_Order_Item_Product), Object(WC_Product_Variable))
#1 C:\xampp\htdocs\se7enphoto\wp-includes\class-wp-hook.php(332): WP_Hook->apply_filters('', Array)
#2 C:\xampp\htdocs\se7enphoto\wp-includes\plugin.php(517): WP_Hook->do_action(Array)
#3 C:\xampp\htdocs\se7enphoto\wp-content\plugins\woocommerce\includes\admin\meta-boxes\views\html-order-item.php(45): do_action('woocommerce_aft...', 2, Object(WC_Order_Item_Product), Object(WC_Product_Variable))
#4 C:\xampp\htdocs\se7enphoto\wp-content\plugins\woocommerce\includes\admin\meta-boxes\views\html-order-items.php(73): include('C:\\xampp\\htdocs...')
#5 C:\xampp\htdocs\se7enphoto\wp-content\plugins\woocommerce\includes\admin\meta-boxes\class-wc-meta-box-ord در C:\xampp\htdocs\se7enphoto\wp-content\mu-plugins\vendor\typerocket\functions\shareholder-order-line-items.php روی خط 31

2023-01-22T19:53:01+00:00 CRITICAL Uncaught Error: Call to a member function get_currency() on null in C:\xampp\htdocs\se7enphoto\wp-content\mu-plugins\vendor\typerocket\functions\shareholder-order-line-items.php:34
Stack trace:
#0 C:\xampp\htdocs\se7enphoto\wp-includes\class-wp-hook.php(308): wp_kama_woocommerce_after_order_itemmeta_action(2, Object(WC_Order_Item_Product), Object(WC_Product_Variable))
#1 C:\xampp\htdocs\se7enphoto\wp-includes\class-wp-hook.php(332): WP_Hook->apply_filters('', Array)
#2 C:\xampp\htdocs\se7enphoto\wp-includes\plugin.php(517): WP_Hook->do_action(Array)
#3 C:\xampp\htdocs\se7enphoto\wp-content\plugins\woocommerce\includes\admin\meta-boxes\views\html-order-item.php(45): do_action('woocommerce_aft...', 2, Object(WC_Order_Item_Product), Object(WC_Product_Variable))
#4 C:\xampp\htdocs\se7enphoto\wp-content\plugins\woocommerce\includes\admin\meta-boxes\views\html-order-items.php(73): include('C:\\xampp\\htdocs...')
#5 C:\xampp\htdocs\se7enphoto\wp-content\plugins\woocommerce\includes\admin\meta-boxes\class-wc-meta-box در C:\xampp\htdocs\se7enphoto\wp-content\mu-plugins\vendor\typerocket\functions\shareholder-order-line-items.php روی خط 34

2023-01-22T19:56:28+00:00 CRITICAL Uncaught Error: Call to undefined method WC_Product_Variable::get_subtotal() in C:\xampp\htdocs\se7enphoto\wp-content\mu-plugins\vendor\typerocket\functions\shareholder-order-line-items.php:35
Stack trace:
#0 C:\xampp\htdocs\se7enphoto\wp-includes\class-wp-hook.php(308): wp_kama_woocommerce_after_order_itemmeta_action(2, Object(WC_Order_Item_Product), Object(WC_Product_Variable))
#1 C:\xampp\htdocs\se7enphoto\wp-includes\class-wp-hook.php(332): WP_Hook->apply_filters('', Array)
#2 C:\xampp\htdocs\se7enphoto\wp-includes\plugin.php(517): WP_Hook->do_action(Array)
#3 C:\xampp\htdocs\se7enphoto\wp-content\plugins\woocommerce\includes\admin\meta-boxes\views\html-order-item.php(45): do_action('woocommerce_aft...', 2, Object(WC_Order_Item_Product), Object(WC_Product_Variable))
#4 C:\xampp\htdocs\se7enphoto\wp-content\plugins\woocommerce\includes\admin\meta-boxes\views\html-order-items.php(73): include('C:\\xampp\\htdocs...')
#5 C:\xampp\htdocs\se7enphoto\wp-content\plugins\woocommerce\includes\admin\meta-boxes\class در C:\xampp\htdocs\se7enphoto\wp-content\mu-plugins\vendor\typerocket\functions\shareholder-order-line-items.php روی خط 35

2023-01-22T19:58:37+00:00 CRITICAL Uncaught Error: Call to undefined method WC_Order_Item_Product::get_totla() in C:\xampp\htdocs\se7enphoto\wp-content\mu-plugins\vendor\typerocket\functions\shareholder-order-line-items.php:25
Stack trace:
#0 C:\xampp\htdocs\se7enphoto\wp-includes\class-wp-hook.php(308): wp_kama_woocommerce_after_order_itemmeta_action(2, Object(WC_Order_Item_Product), Object(WC_Product_Variable))
#1 C:\xampp\htdocs\se7enphoto\wp-includes\class-wp-hook.php(332): WP_Hook->apply_filters('', Array)
#2 C:\xampp\htdocs\se7enphoto\wp-includes\plugin.php(517): WP_Hook->do_action(Array)
#3 C:\xampp\htdocs\se7enphoto\wp-content\plugins\woocommerce\includes\admin\meta-boxes\views\html-order-item.php(45): do_action('woocommerce_aft...', 2, Object(WC_Order_Item_Product), Object(WC_Product_Variable))
#4 C:\xampp\htdocs\se7enphoto\wp-content\plugins\woocommerce\includes\admin\meta-boxes\views\html-order-items.php(73): include('C:\\xampp\\htdocs...')
#5 C:\xampp\htdocs\se7enphoto\wp-content\plugins\woocommerce\includes\admin\meta-boxes\class- در C:\xampp\htdocs\se7enphoto\wp-content\mu-plugins\vendor\typerocket\functions\shareholder-order-line-items.php روی خط 25

2023-01-22T19:59:10+00:00 CRITICAL Uncaught Error: Call to undefined method WC_Order_Item_Product::get_totla() in C:\xampp\htdocs\se7enphoto\wp-content\mu-plugins\vendor\typerocket\functions\shareholder-order-line-items.php:25
Stack trace:
#0 C:\xampp\htdocs\se7enphoto\wp-includes\class-wp-hook.php(308): wp_kama_woocommerce_after_order_itemmeta_action(2, Object(WC_Order_Item_Product), Object(WC_Product_Variable))
#1 C:\xampp\htdocs\se7enphoto\wp-includes\class-wp-hook.php(332): WP_Hook->apply_filters('', Array)
#2 C:\xampp\htdocs\se7enphoto\wp-includes\plugin.php(517): WP_Hook->do_action(Array)
#3 C:\xampp\htdocs\se7enphoto\wp-content\plugins\woocommerce\includes\admin\meta-boxes\views\html-order-item.php(45): do_action('woocommerce_aft...', 2, Object(WC_Order_Item_Product), Object(WC_Product_Variable))
#4 C:\xampp\htdocs\se7enphoto\wp-content\plugins\woocommerce\includes\admin\meta-boxes\views\html-order-items.php(73): include('C:\\xampp\\htdocs...')
#5 C:\xampp\htdocs\se7enphoto\wp-content\plugins\woocommerce\includes\admin\meta-boxes\class- در C:\xampp\htdocs\se7enphoto\wp-content\mu-plugins\vendor\typerocket\functions\shareholder-order-line-items.php روی خط 25

2023-01-22T20:05:35+00:00 CRITICAL Uncaught Error: Call to a member function get_total() on null in C:\xampp\htdocs\se7enphoto\wp-content\mu-plugins\vendor\typerocket\functions\shareholder-order-line-items.php:26
Stack trace:
#0 C:\xampp\htdocs\se7enphoto\wp-content\mu-plugins\vendor\typerocket\functions\shareholder-order-line-items.php(34): shareholder_price('50')
#1 C:\xampp\htdocs\se7enphoto\wp-includes\class-wp-hook.php(308): wp_kama_woocommerce_after_order_itemmeta_action(2, Object(WC_Order_Item_Product), Object(WC_Product_Variable))
#2 C:\xampp\htdocs\se7enphoto\wp-includes\class-wp-hook.php(332): WP_Hook->apply_filters('', Array)
#3 C:\xampp\htdocs\se7enphoto\wp-includes\plugin.php(517): WP_Hook->do_action(Array)
#4 C:\xampp\htdocs\se7enphoto\wp-content\plugins\woocommerce\includes\admin\meta-boxes\views\html-order-item.php(45): do_action('woocommerce_aft...', 2, Object(WC_Order_Item_Product), Object(WC_Product_Variable))
#5 C:\xampp\htdocs\se7enphoto\wp-content\plugins\woocommerce\includes\admin\meta-boxes\views\html-order-items.php(73 در C:\xampp\htdocs\se7enphoto\wp-content\mu-plugins\vendor\typerocket\functions\shareholder-order-line-items.php روی خط 26

2023-01-22T20:06:52+00:00 CRITICAL Uncaught Error: Call to a member function get_total() on null in C:\xampp\htdocs\se7enphoto\wp-content\mu-plugins\vendor\typerocket\functions\shareholder-order-line-items.php:26
Stack trace:
#0 C:\xampp\htdocs\se7enphoto\wp-content\mu-plugins\vendor\typerocket\functions\shareholder-order-line-items.php(34): shareholder_price('50')
#1 C:\xampp\htdocs\se7enphoto\wp-includes\class-wp-hook.php(308): wp_kama_woocommerce_after_order_itemmeta_action(2, Object(WC_Order_Item_Product), Object(WC_Product_Variable))
#2 C:\xampp\htdocs\se7enphoto\wp-includes\class-wp-hook.php(332): WP_Hook->apply_filters('', Array)
#3 C:\xampp\htdocs\se7enphoto\wp-includes\plugin.php(517): WP_Hook->do_action(Array)
#4 C:\xampp\htdocs\se7enphoto\wp-content\plugins\woocommerce\includes\admin\meta-boxes\views\html-order-item.php(45): do_action('woocommerce_aft...', 2, Object(WC_Order_Item_Product), Object(WC_Product_Variable))
#5 C:\xampp\htdocs\se7enphoto\wp-content\plugins\woocommerce\includes\admin\meta-boxes\views\html-order-items.php(73 در C:\xampp\htdocs\se7enphoto\wp-content\mu-plugins\vendor\typerocket\functions\shareholder-order-line-items.php روی خط 26

2023-01-22T20:07:37+00:00 CRITICAL Cannot redeclare shareholder_price() (previously declared in C:\xampp\htdocs\se7enphoto\wp-content\mu-plugins\vendor\typerocket\functions\shareholder-order-line-items.php:24) در C:\xampp\htdocs\se7enphoto\wp-content\mu-plugins\vendor\typerocket\functions\shareholder-order-line-items.php روی خط 24

2023-01-22T20:08:50+00:00 CRITICAL Uncaught Error: Call to a member function get_total() on string in C:\xampp\htdocs\se7enphoto\wp-content\mu-plugins\vendor\typerocket\functions\shareholder-order-line-items.php:26
Stack trace:
#0 C:\xampp\htdocs\se7enphoto\wp-content\mu-plugins\vendor\typerocket\functions\shareholder-order-line-items.php(34): shareholder_price('50')
#1 C:\xampp\htdocs\se7enphoto\wp-includes\class-wp-hook.php(308): wp_kama_woocommerce_after_order_itemmeta_action(2, Object(WC_Order_Item_Product), Object(WC_Product_Variable))
#2 C:\xampp\htdocs\se7enphoto\wp-includes\class-wp-hook.php(332): WP_Hook->apply_filters('', Array)
#3 C:\xampp\htdocs\se7enphoto\wp-includes\plugin.php(517): WP_Hook->do_action(Array)
#4 C:\xampp\htdocs\se7enphoto\wp-content\plugins\woocommerce\includes\admin\meta-boxes\views\html-order-item.php(45): do_action('woocommerce_aft...', 2, Object(WC_Order_Item_Product), Object(WC_Product_Variable))
#5 C:\xampp\htdocs\se7enphoto\wp-content\plugins\woocommerce\includes\admin\meta-boxes\views\html-order-items.php( در C:\xampp\htdocs\se7enphoto\wp-content\mu-plugins\vendor\typerocket\functions\shareholder-order-line-items.php روی خط 26

2023-01-22T20:09:27+00:00 CRITICAL Uncaught ArgumentCountError: Too few arguments to function shareholder_price(), 1 passed in C:\xampp\htdocs\se7enphoto\wp-content\mu-plugins\vendor\typerocket\functions\shareholder-order-line-items.php on line 34 and exactly 2 expected in C:\xampp\htdocs\se7enphoto\wp-content\mu-plugins\vendor\typerocket\functions\shareholder-order-line-items.php:24
Stack trace:
#0 C:\xampp\htdocs\se7enphoto\wp-content\mu-plugins\vendor\typerocket\functions\shareholder-order-line-items.php(34): shareholder_price('50')
#1 C:\xampp\htdocs\se7enphoto\wp-includes\class-wp-hook.php(308): wp_kama_woocommerce_after_order_itemmeta_action(2, Object(WC_Order_Item_Product), Object(WC_Product_Variable))
#2 C:\xampp\htdocs\se7enphoto\wp-includes\class-wp-hook.php(332): WP_Hook->apply_filters('', Array)
#3 C:\xampp\htdocs\se7enphoto\wp-includes\plugin.php(517): WP_Hook->do_action(Array)
#4 C:\xampp\htdocs\se7enphoto\wp-content\plugins\woocommerce\includes\admin\meta-boxes\views\html-order-item.php(45): do_action('woocommerce_aft...', 2, Ob در C:\xampp\htdocs\se7enphoto\wp-content\mu-plugins\vendor\typerocket\functions\shareholder-order-line-items.php روی خط 24

2023-01-22T20:10:38+00:00 CRITICAL Uncaught Error: Call to a member function get_total() on null in C:\xampp\htdocs\se7enphoto\wp-content\mu-plugins\vendor\typerocket\functions\shareholder-order-line-items.php:26
Stack trace:
#0 C:\xampp\htdocs\se7enphoto\wp-content\mu-plugins\vendor\typerocket\functions\shareholder-order-line-items.php(34): shareholder_price('50')
#1 C:\xampp\htdocs\se7enphoto\wp-includes\class-wp-hook.php(308): wp_kama_woocommerce_after_order_itemmeta_action(2, Object(WC_Order_Item_Product), Object(WC_Product_Variable))
#2 C:\xampp\htdocs\se7enphoto\wp-includes\class-wp-hook.php(332): WP_Hook->apply_filters('', Array)
#3 C:\xampp\htdocs\se7enphoto\wp-includes\plugin.php(517): WP_Hook->do_action(Array)
#4 C:\xampp\htdocs\se7enphoto\wp-content\plugins\woocommerce\includes\admin\meta-boxes\views\html-order-item.php(45): do_action('woocommerce_aft...', 2, Object(WC_Order_Item_Product), Object(WC_Product_Variable))
#5 C:\xampp\htdocs\se7enphoto\wp-content\plugins\woocommerce\includes\admin\meta-boxes\views\html-order-items.php(73 در C:\xampp\htdocs\se7enphoto\wp-content\mu-plugins\vendor\typerocket\functions\shareholder-order-line-items.php روی خط 26

2023-01-22T20:11:57+00:00 CRITICAL Uncaught Error: Call to a member function get_total() on null in C:\xampp\htdocs\se7enphoto\wp-content\mu-plugins\vendor\typerocket\functions\shareholder-order-line-items.php:26
Stack trace:
#0 C:\xampp\htdocs\se7enphoto\wp-content\mu-plugins\vendor\typerocket\functions\shareholder-order-line-items.php(32): shareholder_price('50')
#1 C:\xampp\htdocs\se7enphoto\wp-includes\class-wp-hook.php(308): wp_kama_woocommerce_after_order_itemmeta_action(2, Object(WC_Order_Item_Product), Object(WC_Product_Variable))
#2 C:\xampp\htdocs\se7enphoto\wp-includes\class-wp-hook.php(332): WP_Hook->apply_filters('', Array)
#3 C:\xampp\htdocs\se7enphoto\wp-includes\plugin.php(517): WP_Hook->do_action(Array)
#4 C:\xampp\htdocs\se7enphoto\wp-content\plugins\woocommerce\includes\admin\meta-boxes\views\html-order-item.php(45): do_action('woocommerce_aft...', 2, Object(WC_Order_Item_Product), Object(WC_Product_Variable))
#5 C:\xampp\htdocs\se7enphoto\wp-content\plugins\woocommerce\includes\admin\meta-boxes\views\html-order-items.php(73 در C:\xampp\htdocs\se7enphoto\wp-content\mu-plugins\vendor\typerocket\functions\shareholder-order-line-items.php روی خط 26

2023-01-22T20:14:13+00:00 CRITICAL Cannot redeclare shareholder_price() (previously declared in C:\xampp\htdocs\se7enphoto\wp-content\mu-plugins\vendor\typerocket\functions\shareholder-order-line-items.php:24) در C:\xampp\htdocs\se7enphoto\wp-content\mu-plugins\vendor\typerocket\functions\shareholder-order-line-items.php روی خط 24

2023-01-22T20:14:34+00:00 CRITICAL Cannot redeclare shareholder_price() (previously declared in C:\xampp\htdocs\se7enphoto\wp-content\mu-plugins\vendor\typerocket\functions\shareholder-order-line-items.php:24) در C:\xampp\htdocs\se7enphoto\wp-content\mu-plugins\vendor\typerocket\functions\shareholder-order-line-items.php روی خط 24

2023-01-22T20:15:38+00:00 CRITICAL Cannot redeclare shareholder_price() (previously declared in C:\xampp\htdocs\se7enphoto\wp-content\mu-plugins\vendor\typerocket\functions\shareholder-order-line-items.php:24) در C:\xampp\htdocs\se7enphoto\wp-content\mu-plugins\vendor\typerocket\functions\shareholder-order-line-items.php روی خط 24

2023-01-22T20:16:17+00:00 CRITICAL Cannot redeclare shareholder_price() (previously declared in C:\xampp\htdocs\se7enphoto\wp-content\mu-plugins\vendor\typerocket\functions\shareholder-order-line-items.php:24) در C:\xampp\htdocs\se7enphoto\wp-content\mu-plugins\vendor\typerocket\functions\shareholder-order-line-items.php روی خط 24

2023-01-22T20:16:43+00:00 CRITICAL Cannot redeclare shareholder_price() (previously declared in C:\xampp\htdocs\se7enphoto\wp-content\mu-plugins\vendor\typerocket\functions\shareholder-order-line-items.php:24) در C:\xampp\htdocs\se7enphoto\wp-content\mu-plugins\vendor\typerocket\functions\shareholder-order-line-items.php روی خط 24

2023-01-22T20:18:19+00:00 CRITICAL Cannot redeclare shareholder_price() (previously declared in C:\xampp\htdocs\se7enphoto\wp-content\mu-plugins\vendor\typerocket\functions\shareholder-order-line-items.php:24) در C:\xampp\htdocs\se7enphoto\wp-content\mu-plugins\vendor\typerocket\functions\shareholder-order-line-items.php روی خط 24

2023-01-22T20:18:56+00:00 CRITICAL Cannot redeclare shareholder_price() (previously declared in C:\xampp\htdocs\se7enphoto\wp-content\mu-plugins\vendor\typerocket\functions\shareholder-order-line-items.php:24) در C:\xampp\htdocs\se7enphoto\wp-content\mu-plugins\vendor\typerocket\functions\shareholder-order-line-items.php روی خط 24

2023-01-22T20:19:49+00:00 CRITICAL Cannot redeclare shareholder_price() (previously declared in C:\xampp\htdocs\se7enphoto\wp-content\mu-plugins\vendor\typerocket\functions\shareholder-order-line-items.php:24) در C:\xampp\htdocs\se7enphoto\wp-content\mu-plugins\vendor\typerocket\functions\shareholder-order-line-items.php روی خط 24

2023-01-22T20:21:59+00:00 CRITICAL Cannot redeclare shareholder_price() (previously declared in C:\xampp\htdocs\se7enphoto\wp-content\mu-plugins\vendor\typerocket\functions\shareholder-order-line-items.php:24) در C:\xampp\htdocs\se7enphoto\wp-content\mu-plugins\vendor\typerocket\functions\shareholder-order-line-items.php روی خط 24

2023-01-22T20:26:52+00:00 CRITICAL Cannot redeclare shareholder_price() (previously declared in C:\xampp\htdocs\se7enphoto\wp-content\mu-plugins\vendor\typerocket\functions\shareholder-order-line-items.php:24) در C:\xampp\htdocs\se7enphoto\wp-content\mu-plugins\vendor\typerocket\functions\shareholder-order-line-items.php روی خط 24

2023-01-22T20:27:14+00:00 CRITICAL Cannot redeclare shareholder_price() (previously declared in C:\xampp\htdocs\se7enphoto\wp-content\mu-plugins\vendor\typerocket\functions\shareholder-order-line-items.php:24) در C:\xampp\htdocs\se7enphoto\wp-content\mu-plugins\vendor\typerocket\functions\shareholder-order-line-items.php روی خط 24

2023-01-22T20:27:55+00:00 CRITICAL Cannot redeclare shareholder_price() (previously declared in C:\xampp\htdocs\se7enphoto\wp-content\mu-plugins\vendor\typerocket\functions\shareholder-order-line-items.php:24) در C:\xampp\htdocs\se7enphoto\wp-content\mu-plugins\vendor\typerocket\functions\shareholder-order-line-items.php روی خط 24

2023-01-22T20:29:52+00:00 CRITICAL Cannot redeclare shareholder_price() (previously declared in C:\xampp\htdocs\se7enphoto\wp-content\mu-plugins\vendor\typerocket\functions\shareholder-order-line-items.php:24) در C:\xampp\htdocs\se7enphoto\wp-content\mu-plugins\vendor\typerocket\functions\shareholder-order-line-items.php روی خط 24

2023-01-22T20:30:44+00:00 CRITICAL Cannot redeclare shareholder_price() (previously declared in C:\xampp\htdocs\se7enphoto\wp-content\mu-plugins\vendor\typerocket\functions\shareholder-order-line-items.php:24) در C:\xampp\htdocs\se7enphoto\wp-content\mu-plugins\vendor\typerocket\functions\shareholder-order-line-items.php روی خط 24

2023-01-22T20:31:29+00:00 CRITICAL Cannot redeclare shareholder_price() (previously declared in C:\xampp\htdocs\se7enphoto\wp-content\mu-plugins\vendor\typerocket\functions\shareholder-order-line-items.php:24) در C:\xampp\htdocs\se7enphoto\wp-content\mu-plugins\vendor\typerocket\functions\shareholder-order-line-items.php روی خط 24

2023-01-22T20:33:22+00:00 CRITICAL Cannot redeclare shareholder_price() (previously declared in C:\xampp\htdocs\se7enphoto\wp-content\mu-plugins\vendor\typerocket\functions\shareholder-order-line-items.php:24) در C:\xampp\htdocs\se7enphoto\wp-content\mu-plugins\vendor\typerocket\functions\shareholder-order-line-items.php روی خط 24

2023-01-22T20:34:51+00:00 CRITICAL Cannot redeclare shareholder_price() (previously declared in C:\xampp\htdocs\se7enphoto\wp-content\mu-plugins\vendor\typerocket\functions\shareholder-order-line-items.php:24) در C:\xampp\htdocs\se7enphoto\wp-content\mu-plugins\vendor\typerocket\functions\shareholder-order-line-items.php روی خط 24

2023-01-22T20:36:52+00:00 CRITICAL Cannot redeclare shareholder_price() (previously declared in C:\xampp\htdocs\se7enphoto\wp-content\mu-plugins\vendor\typerocket\functions\shareholder-order-line-items.php:24) در C:\xampp\htdocs\se7enphoto\wp-content\mu-plugins\vendor\typerocket\functions\shareholder-order-line-items.php روی خط 24

2023-01-22T20:37:15+00:00 CRITICAL Cannot redeclare shareholder_price() (previously declared in C:\xampp\htdocs\se7enphoto\wp-content\mu-plugins\vendor\typerocket\functions\shareholder-order-line-items.php:24) در C:\xampp\htdocs\se7enphoto\wp-content\mu-plugins\vendor\typerocket\functions\shareholder-order-line-items.php روی خط 24

2023-01-22T20:37:48+00:00 CRITICAL Cannot redeclare shareholder_price() (previously declared in C:\xampp\htdocs\se7enphoto\wp-content\mu-plugins\vendor\typerocket\functions\shareholder-order-line-items.php:24) در C:\xampp\htdocs\se7enphoto\wp-content\mu-plugins\vendor\typerocket\functions\shareholder-order-line-items.php روی خط 24

2023-01-22T20:38:15+00:00 CRITICAL Cannot redeclare shareholder_price() (previously declared in C:\xampp\htdocs\se7enphoto\wp-content\mu-plugins\vendor\typerocket\functions\shareholder-order-line-items.php:24) در C:\xampp\htdocs\se7enphoto\wp-content\mu-plugins\vendor\typerocket\functions\shareholder-order-line-items.php روی خط 24

2023-01-22T20:38:52+00:00 CRITICAL Cannot redeclare shareholder_price() (previously declared in C:\xampp\htdocs\se7enphoto\wp-content\mu-plugins\vendor\typerocket\functions\shareholder-order-line-items.php:24) در C:\xampp\htdocs\se7enphoto\wp-content\mu-plugins\vendor\typerocket\functions\shareholder-order-line-items.php روی خط 24

