2023-02-04T09:04:51+00:00 CRITICAL Maximum execution time of 120 seconds exceeded در C:\xampp\htdocs\se7enphoto\wp-content\plugins\woocommerce\includes\rest-api\Controllers\Version3\class-wc-rest-controller.php روی خط 19

2023-02-04T09:04:51+00:00 CRITICAL Maximum execution time of 120 seconds exceeded در C:\xampp\htdocs\se7enphoto\wp-content\plugins\woocommerce\includes\tracks\class-wc-tracks.php روی خط 136

2023-02-04T13:52:04+00:00 CRITICAL Uncaught Error: Class 'Employees_List_Table' not found in C:\xampp\htdocs\se7enphoto\wp-content\mu-plugins\vendor\typerocket\functions\shareholder-submenu.php:35
Stack trace:
#0 C:\xampp\htdocs\se7enphoto\wp-includes\class-wp-hook.php(308): shareholder_table_add_options('')
#1 C:\xampp\htdocs\se7enphoto\wp-includes\class-wp-hook.php(332): WP_Hook->apply_filters('', Array)
#2 C:\xampp\htdocs\se7enphoto\wp-includes\plugin.php(517): WP_Hook->do_action(Array)
#3 C:\xampp\htdocs\se7enphoto\wp-admin\admin.php(237): do_action('load-%d9%88%d9%...')
#4 {main}
  thrown در C:\xampp\htdocs\se7enphoto\wp-content\mu-plugins\vendor\typerocket\functions\shareholder-submenu.php روی خط 35

2023-02-04T13:53:27+00:00 CRITICAL Uncaught Error: Class 'Employees_List_Table' not found in C:\xampp\htdocs\se7enphoto\wp-content\mu-plugins\vendor\typerocket\functions\shareholder-submenu.php:35
Stack trace:
#0 C:\xampp\htdocs\se7enphoto\wp-includes\class-wp-hook.php(308): shareholder_table_add_options('')
#1 C:\xampp\htdocs\se7enphoto\wp-includes\class-wp-hook.php(332): WP_Hook->apply_filters('', Array)
#2 C:\xampp\htdocs\se7enphoto\wp-includes\plugin.php(517): WP_Hook->do_action(Array)
#3 C:\xampp\htdocs\se7enphoto\wp-admin\admin.php(237): do_action('load-%d9%88%d9%...')
#4 {main}
  thrown در C:\xampp\htdocs\se7enphoto\wp-content\mu-plugins\vendor\typerocket\functions\shareholder-submenu.php روی خط 35

2023-02-04T15:01:15+00:00 CRITICAL Uncaught Error: Cannot use object of type stdClass as array in C:\xampp\htdocs\se7enphoto\wp-content\mu-plugins\vendor\typerocket\functions\shareholder-table\shareholder-table.php:217
Stack trace:
#0 C:\xampp\htdocs\se7enphoto\wp-admin\includes\class-wp-list-table.php(1527): Employees_List_Table->column_product(Object(stdClass))
#1 C:\xampp\htdocs\se7enphoto\wp-admin\includes\class-wp-list-table.php(1472): WP_List_Table->single_row_columns(Object(stdClass))
#2 C:\xampp\htdocs\se7enphoto\wp-admin\includes\class-wp-list-table.php(1459): WP_List_Table->single_row(Object(stdClass))
#3 C:\xampp\htdocs\se7enphoto\wp-admin\includes\class-wp-list-table.php(1444): WP_List_Table->display_rows()
#4 C:\xampp\htdocs\se7enphoto\wp-admin\includes\class-wp-list-table.php(1371): WP_List_Table->display_rows_or_placeholder()
#5 C:\xampp\htdocs\se7enphoto\wp-content\mu-plugins\vendor\typerocket\functions\shareholder-table\shareholder-table.php(20): WP_List_Table->display()
#6 C:\xampp\htdocs\se7enphoto\wp-content\mu-plugins\vend در C:\xampp\htdocs\se7enphoto\wp-content\mu-plugins\vendor\typerocket\functions\shareholder-table\shareholder-table.php روی خط 217

2023-02-04T15:01:53+00:00 CRITICAL Uncaught Error: Cannot use object of type stdClass as array in C:\xampp\htdocs\se7enphoto\wp-content\mu-plugins\vendor\typerocket\functions\shareholder-table\shareholder-table.php:217
Stack trace:
#0 C:\xampp\htdocs\se7enphoto\wp-admin\includes\class-wp-list-table.php(1527): Employees_List_Table->column_product(Object(stdClass))
#1 C:\xampp\htdocs\se7enphoto\wp-admin\includes\class-wp-list-table.php(1472): WP_List_Table->single_row_columns(Object(stdClass))
#2 C:\xampp\htdocs\se7enphoto\wp-admin\includes\class-wp-list-table.php(1459): WP_List_Table->single_row(Object(stdClass))
#3 C:\xampp\htdocs\se7enphoto\wp-admin\includes\class-wp-list-table.php(1444): WP_List_Table->display_rows()
#4 C:\xampp\htdocs\se7enphoto\wp-admin\includes\class-wp-list-table.php(1371): WP_List_Table->display_rows_or_placeholder()
#5 C:\xampp\htdocs\se7enphoto\wp-content\mu-plugins\vendor\typerocket\functions\shareholder-table\shareholder-table.php(20): WP_List_Table->display()
#6 C:\xampp\htdocs\se7enphoto\wp-content\mu-plugins\vend در C:\xampp\htdocs\se7enphoto\wp-content\mu-plugins\vendor\typerocket\functions\shareholder-table\shareholder-table.php روی خط 217

2023-02-04T15:02:23+00:00 CRITICAL Uncaught Error: Cannot use object of type stdClass as array in C:\xampp\htdocs\se7enphoto\wp-content\mu-plugins\vendor\typerocket\functions\shareholder-table\shareholder-table.php:217
Stack trace:
#0 C:\xampp\htdocs\se7enphoto\wp-admin\includes\class-wp-list-table.php(1527): Employees_List_Table->column_product(Object(stdClass))
#1 C:\xampp\htdocs\se7enphoto\wp-admin\includes\class-wp-list-table.php(1472): WP_List_Table->single_row_columns(Object(stdClass))
#2 C:\xampp\htdocs\se7enphoto\wp-admin\includes\class-wp-list-table.php(1459): WP_List_Table->single_row(Object(stdClass))
#3 C:\xampp\htdocs\se7enphoto\wp-admin\includes\class-wp-list-table.php(1444): WP_List_Table->display_rows()
#4 C:\xampp\htdocs\se7enphoto\wp-admin\includes\class-wp-list-table.php(1371): WP_List_Table->display_rows_or_placeholder()
#5 C:\xampp\htdocs\se7enphoto\wp-content\mu-plugins\vendor\typerocket\functions\shareholder-table\shareholder-table.php(20): WP_List_Table->display()
#6 C:\xampp\htdocs\se7enphoto\wp-content\mu-plugins\vend در C:\xampp\htdocs\se7enphoto\wp-content\mu-plugins\vendor\typerocket\functions\shareholder-table\shareholder-table.php روی خط 217

2023-02-04T15:02:39+00:00 CRITICAL Uncaught Error: Cannot use object of type stdClass as array in C:\xampp\htdocs\se7enphoto\wp-content\mu-plugins\vendor\typerocket\functions\shareholder-table\shareholder-table.php:217
Stack trace:
#0 C:\xampp\htdocs\se7enphoto\wp-admin\includes\class-wp-list-table.php(1527): Employees_List_Table->column_product(Object(stdClass))
#1 C:\xampp\htdocs\se7enphoto\wp-admin\includes\class-wp-list-table.php(1472): WP_List_Table->single_row_columns(Object(stdClass))
#2 C:\xampp\htdocs\se7enphoto\wp-admin\includes\class-wp-list-table.php(1459): WP_List_Table->single_row(Object(stdClass))
#3 C:\xampp\htdocs\se7enphoto\wp-admin\includes\class-wp-list-table.php(1444): WP_List_Table->display_rows()
#4 C:\xampp\htdocs\se7enphoto\wp-admin\includes\class-wp-list-table.php(1371): WP_List_Table->display_rows_or_placeholder()
#5 C:\xampp\htdocs\se7enphoto\wp-content\mu-plugins\vendor\typerocket\functions\shareholder-table\shareholder-table.php(20): WP_List_Table->display()
#6 C:\xampp\htdocs\se7enphoto\wp-content\mu-plugins\vend در C:\xampp\htdocs\se7enphoto\wp-content\mu-plugins\vendor\typerocket\functions\shareholder-table\shareholder-table.php روی خط 217

