2023-02-18T11:43:47+00:00 CRITICAL Maximum execution time of 120 seconds exceeded در C:\xampp\htdocs\se7enphoto\wp-admin\includes\template.php روی خط 12

2023-02-18T12:05:16+00:00 CRITICAL Maximum execution time of 120 seconds exceeded در C:\xampp\htdocs\se7enphoto\wp-content\plugins\woocommerce\src\Internal\Admin\SystemStatusReport.php روی خط 9

2023-02-18T12:05:27+00:00 CRITICAL Maximum execution time of 120 seconds exceeded در C:\xampp\htdocs\se7enphoto\wp-content\plugins\woocommerce\packages\woocommerce-blocks\src\Domain\Services\DraftOrders.php روی خط 237

2023-02-18T12:06:20+00:00 CRITICAL Maximum execution time of 120 seconds exceeded در C:\xampp\htdocs\se7enphoto\wp-content\mu-plugins\vendor\wpackagist\vendor\plugins\query-monitor\collectors\languages.php روی خط 200

2023-02-18T12:07:16+00:00 CRITICAL Maximum execution time of 120 seconds exceeded در C:\xampp\htdocs\se7enphoto\wp-admin\includes\file.php روی خط 16

2023-02-18T12:07:58+00:00 CRITICAL Maximum execution time of 120 seconds exceeded در C:\xampp\htdocs\se7enphoto\wp-admin\includes\media.php روی خط 3846

2023-02-18T12:08:51+00:00 CRITICAL Maximum execution time of 120 seconds exceeded در C:\xampp\htdocs\se7enphoto\wp-admin\includes\template.php روی خط 12

2023-02-18T16:05:47+00:00 CRITICAL Maximum execution time of 120 seconds exceeded در C:\xampp\htdocs\se7enphoto\wp-admin\includes\user.php روی خط 670

2023-02-18T17:00:00+00:00 CRITICAL Uncaught Error: Class 'app' not found in C:\xampp\htdocs\se7enphoto\wp-content\mu-plugins\vendor\typerocket\functions\menu\shareholder\action.php:5
Stack trace:
#0 C:\xampp\htdocs\se7enphoto\wp-content\mu-plugins\vendor\typerocket\functions\table\shareholder-checkout.php(19): include()
#1 C:\xampp\htdocs\se7enphoto\wp-content\mu-plugins\vendor\typerocket\functions\table\shareholder-checkout.php(35): shareholder_checkout_list_table_init()
#2 C:\xampp\htdocs\se7enphoto\wp-content\mu-plugins\vendor\typerocket\functions\menu\shareholder\tab.php(38): include('C:\\xampp\\htdocs...')
#3 C:\xampp\htdocs\se7enphoto\wp-content\mu-plugins\vendor\typerocket\functions\menu\shareholder.php(49): include('C:\\xampp\\htdocs...')
#4 C:\xampp\htdocs\se7enphoto\wp-includes\class-wp-hook.php(308): shareholder_submenu_page_callback('')
#5 C:\xampp\htdocs\se7enphoto\wp-includes\class-wp-hook.php(332): WP_Hook->apply_filters('', Array)
#6 C:\xampp\htdocs\se7enphoto\wp-includes\plugin.php(517): WP_Hook->do_action(Array)
#7 C:\xampp\h در C:\xampp\htdocs\se7enphoto\wp-content\mu-plugins\vendor\typerocket\functions\menu\shareholder\action.php روی خط 5

2023-02-18T17:01:01+00:00 CRITICAL Uncaught Error: Class 'ShareholderCheckout' not found in C:\xampp\htdocs\se7enphoto\wp-content\mu-plugins\vendor\typerocket\functions\menu\shareholder\action.php:5
Stack trace:
#0 C:\xampp\htdocs\se7enphoto\wp-content\mu-plugins\vendor\typerocket\functions\table\shareholder-checkout.php(19): include()
#1 C:\xampp\htdocs\se7enphoto\wp-content\mu-plugins\vendor\typerocket\functions\table\shareholder-checkout.php(35): shareholder_checkout_list_table_init()
#2 C:\xampp\htdocs\se7enphoto\wp-content\mu-plugins\vendor\typerocket\functions\menu\shareholder\tab.php(38): include('C:\\xampp\\htdocs...')
#3 C:\xampp\htdocs\se7enphoto\wp-content\mu-plugins\vendor\typerocket\functions\menu\shareholder.php(49): include('C:\\xampp\\htdocs...')
#4 C:\xampp\htdocs\se7enphoto\wp-includes\class-wp-hook.php(308): shareholder_submenu_page_callback('')
#5 C:\xampp\htdocs\se7enphoto\wp-includes\class-wp-hook.php(332): WP_Hook->apply_filters('', Array)
#6 C:\xampp\htdocs\se7enphoto\wp-includes\plugin.php(517): WP_Hook->do_action(Arra در C:\xampp\htdocs\se7enphoto\wp-content\mu-plugins\vendor\typerocket\functions\menu\shareholder\action.php روی خط 5

2023-02-18T17:01:29+00:00 CRITICAL Uncaught Error: Class 'ShareholderCheckout' not found in C:\xampp\htdocs\se7enphoto\wp-content\mu-plugins\vendor\typerocket\functions\menu\shareholder\action.php:5
Stack trace:
#0 C:\xampp\htdocs\se7enphoto\wp-content\mu-plugins\vendor\typerocket\functions\table\shareholder-checkout.php(19): include()
#1 C:\xampp\htdocs\se7enphoto\wp-content\mu-plugins\vendor\typerocket\functions\table\shareholder-checkout.php(35): shareholder_checkout_list_table_init()
#2 C:\xampp\htdocs\se7enphoto\wp-content\mu-plugins\vendor\typerocket\functions\menu\shareholder\tab.php(38): include('C:\\xampp\\htdocs...')
#3 C:\xampp\htdocs\se7enphoto\wp-content\mu-plugins\vendor\typerocket\functions\menu\shareholder.php(49): include('C:\\xampp\\htdocs...')
#4 C:\xampp\htdocs\se7enphoto\wp-includes\class-wp-hook.php(308): shareholder_submenu_page_callback('')
#5 C:\xampp\htdocs\se7enphoto\wp-includes\class-wp-hook.php(332): WP_Hook->apply_filters('', Array)
#6 C:\xampp\htdocs\se7enphoto\wp-includes\plugin.php(517): WP_Hook->do_action(Arra در C:\xampp\htdocs\se7enphoto\wp-content\mu-plugins\vendor\typerocket\functions\menu\shareholder\action.php روی خط 5

2023-02-18T17:02:33+00:00 CRITICAL Uncaught Error: Class 'ShareholderCheckout' not found in C:\xampp\htdocs\se7enphoto\wp-content\mu-plugins\vendor\typerocket\functions\menu\shareholder\action.php:5
Stack trace:
#0 C:\xampp\htdocs\se7enphoto\wp-content\mu-plugins\vendor\typerocket\functions\table\shareholder-checkout.php(19): include()
#1 C:\xampp\htdocs\se7enphoto\wp-content\mu-plugins\vendor\typerocket\functions\table\shareholder-checkout.php(35): shareholder_checkout_list_table_init()
#2 C:\xampp\htdocs\se7enphoto\wp-content\mu-plugins\vendor\typerocket\functions\menu\shareholder\tab.php(38): include('C:\\xampp\\htdocs...')
#3 C:\xampp\htdocs\se7enphoto\wp-content\mu-plugins\vendor\typerocket\functions\menu\shareholder.php(49): include('C:\\xampp\\htdocs...')
#4 C:\xampp\htdocs\se7enphoto\wp-includes\class-wp-hook.php(308): shareholder_submenu_page_callback('')
#5 C:\xampp\htdocs\se7enphoto\wp-includes\class-wp-hook.php(332): WP_Hook->apply_filters('', Array)
#6 C:\xampp\htdocs\se7enphoto\wp-includes\plugin.php(517): WP_Hook->do_action(Arra در C:\xampp\htdocs\se7enphoto\wp-content\mu-plugins\vendor\typerocket\functions\menu\shareholder\action.php روی خط 5

2023-02-18T17:03:08+00:00 CRITICAL Uncaught Error: Class 'ShareholderCheckout' not found in C:\xampp\htdocs\se7enphoto\wp-content\mu-plugins\vendor\typerocket\functions\menu\shareholder\action.php:5
Stack trace:
#0 C:\xampp\htdocs\se7enphoto\wp-content\mu-plugins\vendor\typerocket\functions\table\shareholder-checkout.php(19): include()
#1 C:\xampp\htdocs\se7enphoto\wp-content\mu-plugins\vendor\typerocket\functions\table\shareholder-checkout.php(35): shareholder_checkout_list_table_init()
#2 C:\xampp\htdocs\se7enphoto\wp-content\mu-plugins\vendor\typerocket\functions\menu\shareholder\tab.php(38): include('C:\\xampp\\htdocs...')
#3 C:\xampp\htdocs\se7enphoto\wp-content\mu-plugins\vendor\typerocket\functions\menu\shareholder.php(49): include('C:\\xampp\\htdocs...')
#4 C:\xampp\htdocs\se7enphoto\wp-includes\class-wp-hook.php(308): shareholder_submenu_page_callback('')
#5 C:\xampp\htdocs\se7enphoto\wp-includes\class-wp-hook.php(332): WP_Hook->apply_filters('', Array)
#6 C:\xampp\htdocs\se7enphoto\wp-includes\plugin.php(517): WP_Hook->do_action(Arra در C:\xampp\htdocs\se7enphoto\wp-content\mu-plugins\vendor\typerocket\functions\menu\shareholder\action.php روی خط 5

2023-02-18T17:04:19+00:00 CRITICAL Uncaught Error: Class 'ShareholderCheckout' not found in C:\xampp\htdocs\se7enphoto\wp-content\mu-plugins\vendor\typerocket\functions\menu\shareholder\action.php:5
Stack trace:
#0 C:\xampp\htdocs\se7enphoto\wp-content\mu-plugins\vendor\typerocket\functions\table\shareholder-checkout.php(19): include()
#1 C:\xampp\htdocs\se7enphoto\wp-content\mu-plugins\vendor\typerocket\functions\table\shareholder-checkout.php(35): shareholder_checkout_list_table_init()
#2 C:\xampp\htdocs\se7enphoto\wp-content\mu-plugins\vendor\typerocket\functions\menu\shareholder\tab.php(38): include('C:\\xampp\\htdocs...')
#3 C:\xampp\htdocs\se7enphoto\wp-content\mu-plugins\vendor\typerocket\functions\menu\shareholder.php(49): include('C:\\xampp\\htdocs...')
#4 C:\xampp\htdocs\se7enphoto\wp-includes\class-wp-hook.php(308): shareholder_submenu_page_callback('')
#5 C:\xampp\htdocs\se7enphoto\wp-includes\class-wp-hook.php(332): WP_Hook->apply_filters('', Array)
#6 C:\xampp\htdocs\se7enphoto\wp-includes\plugin.php(517): WP_Hook->do_action(Arra در C:\xampp\htdocs\se7enphoto\wp-content\mu-plugins\vendor\typerocket\functions\menu\shareholder\action.php روی خط 5

2023-02-18T17:06:57+00:00 CRITICAL Uncaught Error: Class 'TypeRocket\Models\ShareholderCheckout' not found in C:\xampp\htdocs\se7enphoto\wp-content\mu-plugins\vendor\typerocket\functions\menu\shareholder\action.php:6
Stack trace:
#0 C:\xampp\htdocs\se7enphoto\wp-content\mu-plugins\vendor\typerocket\functions\table\shareholder-checkout.php(19): include()
#1 C:\xampp\htdocs\se7enphoto\wp-content\mu-plugins\vendor\typerocket\functions\table\shareholder-checkout.php(35): shareholder_checkout_list_table_init()
#2 C:\xampp\htdocs\se7enphoto\wp-content\mu-plugins\vendor\typerocket\functions\menu\shareholder\tab.php(38): include('C:\\xampp\\htdocs...')
#3 C:\xampp\htdocs\se7enphoto\wp-content\mu-plugins\vendor\typerocket\functions\menu\shareholder.php(49): include('C:\\xampp\\htdocs...')
#4 C:\xampp\htdocs\se7enphoto\wp-includes\class-wp-hook.php(308): shareholder_submenu_page_callback('')
#5 C:\xampp\htdocs\se7enphoto\wp-includes\class-wp-hook.php(332): WP_Hook->apply_filters('', Array)
#6 C:\xampp\htdocs\se7enphoto\wp-includes\plugin.php(517): WP_Ho در C:\xampp\htdocs\se7enphoto\wp-content\mu-plugins\vendor\typerocket\functions\menu\shareholder\action.php روی خط 6

2023-02-18T17:09:24+00:00 CRITICAL Uncaught Error: Class 'TypeRocket\Models\ShareholderCheckout' not found in C:\xampp\htdocs\se7enphoto\wp-content\mu-plugins\vendor\typerocket\functions\menu\shareholder\action.php:7
Stack trace:
#0 C:\xampp\htdocs\se7enphoto\wp-content\mu-plugins\vendor\typerocket\functions\table\shareholder-checkout.php(19): include()
#1 C:\xampp\htdocs\se7enphoto\wp-content\mu-plugins\vendor\typerocket\functions\table\shareholder-checkout.php(35): shareholder_checkout_list_table_init()
#2 C:\xampp\htdocs\se7enphoto\wp-content\mu-plugins\vendor\typerocket\functions\menu\shareholder\tab.php(38): include('C:\\xampp\\htdocs...')
#3 C:\xampp\htdocs\se7enphoto\wp-content\mu-plugins\vendor\typerocket\functions\menu\shareholder.php(49): include('C:\\xampp\\htdocs...')
#4 C:\xampp\htdocs\se7enphoto\wp-includes\class-wp-hook.php(308): shareholder_submenu_page_callback('')
#5 C:\xampp\htdocs\se7enphoto\wp-includes\class-wp-hook.php(332): WP_Hook->apply_filters('', Array)
#6 C:\xampp\htdocs\se7enphoto\wp-includes\plugin.php(517): WP_Ho در C:\xampp\htdocs\se7enphoto\wp-content\mu-plugins\vendor\typerocket\functions\menu\shareholder\action.php روی خط 7

2023-02-18T17:09:35+00:00 CRITICAL Uncaught Error: Class 'TypeRocket\Models\ShareholderCheckout' not found in C:\xampp\htdocs\se7enphoto\wp-content\mu-plugins\vendor\typerocket\functions\menu\shareholder\action.php:7
Stack trace:
#0 C:\xampp\htdocs\se7enphoto\wp-content\mu-plugins\vendor\typerocket\functions\table\shareholder-checkout.php(19): include()
#1 C:\xampp\htdocs\se7enphoto\wp-content\mu-plugins\vendor\typerocket\functions\table\shareholder-checkout.php(35): shareholder_checkout_list_table_init()
#2 C:\xampp\htdocs\se7enphoto\wp-content\mu-plugins\vendor\typerocket\functions\menu\shareholder\tab.php(38): include('C:\\xampp\\htdocs...')
#3 C:\xampp\htdocs\se7enphoto\wp-content\mu-plugins\vendor\typerocket\functions\menu\shareholder.php(49): include('C:\\xampp\\htdocs...')
#4 C:\xampp\htdocs\se7enphoto\wp-includes\class-wp-hook.php(308): shareholder_submenu_page_callback('')
#5 C:\xampp\htdocs\se7enphoto\wp-includes\class-wp-hook.php(332): WP_Hook->apply_filters('', Array)
#6 C:\xampp\htdocs\se7enphoto\wp-includes\plugin.php(517): WP_Ho در C:\xampp\htdocs\se7enphoto\wp-content\mu-plugins\vendor\typerocket\functions\menu\shareholder\action.php روی خط 7

2023-02-18T17:10:29+00:00 CRITICAL Uncaught Error: Class 'app' not found in C:\xampp\htdocs\se7enphoto\wp-content\mu-plugins\vendor\typerocket\functions\menu\shareholder\action.php:8
Stack trace:
#0 C:\xampp\htdocs\se7enphoto\wp-content\mu-plugins\vendor\typerocket\functions\table\shareholder-checkout.php(19): include()
#1 C:\xampp\htdocs\se7enphoto\wp-content\mu-plugins\vendor\typerocket\functions\table\shareholder-checkout.php(35): shareholder_checkout_list_table_init()
#2 C:\xampp\htdocs\se7enphoto\wp-content\mu-plugins\vendor\typerocket\functions\menu\shareholder\tab.php(38): include('C:\\xampp\\htdocs...')
#3 C:\xampp\htdocs\se7enphoto\wp-content\mu-plugins\vendor\typerocket\functions\menu\shareholder.php(49): include('C:\\xampp\\htdocs...')
#4 C:\xampp\htdocs\se7enphoto\wp-includes\class-wp-hook.php(308): shareholder_submenu_page_callback('')
#5 C:\xampp\htdocs\se7enphoto\wp-includes\class-wp-hook.php(332): WP_Hook->apply_filters('', Array)
#6 C:\xampp\htdocs\se7enphoto\wp-includes\plugin.php(517): WP_Hook->do_action(Array)
#7 C:\xampp\h در C:\xampp\htdocs\se7enphoto\wp-content\mu-plugins\vendor\typerocket\functions\menu\shareholder\action.php روی خط 8

2023-02-18T17:10:45+00:00 CRITICAL Uncaught Error: Class 'app' not found in C:\xampp\htdocs\se7enphoto\wp-content\mu-plugins\vendor\typerocket\functions\menu\shareholder\action.php:8
Stack trace:
#0 C:\xampp\htdocs\se7enphoto\wp-content\mu-plugins\vendor\typerocket\functions\table\shareholder-checkout.php(19): include()
#1 C:\xampp\htdocs\se7enphoto\wp-content\mu-plugins\vendor\typerocket\functions\table\shareholder-checkout.php(35): shareholder_checkout_list_table_init()
#2 C:\xampp\htdocs\se7enphoto\wp-content\mu-plugins\vendor\typerocket\functions\menu\shareholder\tab.php(38): include('C:\\xampp\\htdocs...')
#3 C:\xampp\htdocs\se7enphoto\wp-content\mu-plugins\vendor\typerocket\functions\menu\shareholder.php(49): include('C:\\xampp\\htdocs...')
#4 C:\xampp\htdocs\se7enphoto\wp-includes\class-wp-hook.php(308): shareholder_submenu_page_callback('')
#5 C:\xampp\htdocs\se7enphoto\wp-includes\class-wp-hook.php(332): WP_Hook->apply_filters('', Array)
#6 C:\xampp\htdocs\se7enphoto\wp-includes\plugin.php(517): WP_Hook->do_action(Array)
#7 C:\xampp\h در C:\xampp\htdocs\se7enphoto\wp-content\mu-plugins\vendor\typerocket\functions\menu\shareholder\action.php روی خط 8

2023-02-18T17:12:47+00:00 CRITICAL Uncaught Error: Class 'app' not found in C:\xampp\htdocs\se7enphoto\wp-content\mu-plugins\vendor\typerocket\functions\menu\shareholder\action.php:8
Stack trace:
#0 C:\xampp\htdocs\se7enphoto\wp-content\mu-plugins\vendor\typerocket\functions\table\shareholder-checkout.php(19): include()
#1 C:\xampp\htdocs\se7enphoto\wp-content\mu-plugins\vendor\typerocket\functions\table\shareholder-checkout.php(35): shareholder_checkout_list_table_init()
#2 C:\xampp\htdocs\se7enphoto\wp-content\mu-plugins\vendor\typerocket\functions\menu\shareholder\tab.php(38): include('C:\\xampp\\htdocs...')
#3 C:\xampp\htdocs\se7enphoto\wp-content\mu-plugins\vendor\typerocket\functions\menu\shareholder.php(49): include('C:\\xampp\\htdocs...')
#4 C:\xampp\htdocs\se7enphoto\wp-includes\class-wp-hook.php(308): shareholder_submenu_page_callback('')
#5 C:\xampp\htdocs\se7enphoto\wp-includes\class-wp-hook.php(332): WP_Hook->apply_filters('', Array)
#6 C:\xampp\htdocs\se7enphoto\wp-includes\plugin.php(517): WP_Hook->do_action(Array)
#7 C:\xampp\h در C:\xampp\htdocs\se7enphoto\wp-content\mu-plugins\vendor\typerocket\functions\menu\shareholder\action.php روی خط 8

2023-02-18T17:14:14+00:00 CRITICAL Uncaught Error: Class 'ShareholderCheckout' not found in C:\xampp\htdocs\se7enphoto\wp-content\mu-plugins\vendor\typerocket\functions\menu\shareholder\action.php:7
Stack trace:
#0 C:\xampp\htdocs\se7enphoto\wp-content\mu-plugins\vendor\typerocket\functions\table\shareholder-checkout.php(19): include()
#1 C:\xampp\htdocs\se7enphoto\wp-content\mu-plugins\vendor\typerocket\functions\table\shareholder-checkout.php(35): shareholder_checkout_list_table_init()
#2 C:\xampp\htdocs\se7enphoto\wp-content\mu-plugins\vendor\typerocket\functions\menu\shareholder\tab.php(38): include('C:\\xampp\\htdocs...')
#3 C:\xampp\htdocs\se7enphoto\wp-content\mu-plugins\vendor\typerocket\functions\menu\shareholder.php(49): include('C:\\xampp\\htdocs...')
#4 C:\xampp\htdocs\se7enphoto\wp-includes\class-wp-hook.php(308): shareholder_submenu_page_callback('')
#5 C:\xampp\htdocs\se7enphoto\wp-includes\class-wp-hook.php(332): WP_Hook->apply_filters('', Array)
#6 C:\xampp\htdocs\se7enphoto\wp-includes\plugin.php(517): WP_Hook->do_action(Arra در C:\xampp\htdocs\se7enphoto\wp-content\mu-plugins\vendor\typerocket\functions\menu\shareholder\action.php روی خط 7

2023-02-18T17:16:14+00:00 CRITICAL Uncaught Error: Class 'ShareholderCheckout' not found in C:\xampp\htdocs\se7enphoto\wp-content\mu-plugins\vendor\typerocket\functions\menu\shareholder\action.php:7
Stack trace:
#0 C:\xampp\htdocs\se7enphoto\wp-content\mu-plugins\vendor\typerocket\functions\table\shareholder-checkout.php(19): include()
#1 C:\xampp\htdocs\se7enphoto\wp-content\mu-plugins\vendor\typerocket\functions\table\shareholder-checkout.php(35): shareholder_checkout_list_table_init()
#2 C:\xampp\htdocs\se7enphoto\wp-content\mu-plugins\vendor\typerocket\functions\menu\shareholder\tab.php(38): include('C:\\xampp\\htdocs...')
#3 C:\xampp\htdocs\se7enphoto\wp-content\mu-plugins\vendor\typerocket\functions\menu\shareholder.php(49): include('C:\\xampp\\htdocs...')
#4 C:\xampp\htdocs\se7enphoto\wp-includes\class-wp-hook.php(308): shareholder_submenu_page_callback('')
#5 C:\xampp\htdocs\se7enphoto\wp-includes\class-wp-hook.php(332): WP_Hook->apply_filters('', Array)
#6 C:\xampp\htdocs\se7enphoto\wp-includes\plugin.php(517): WP_Hook->do_action(Arra در C:\xampp\htdocs\se7enphoto\wp-content\mu-plugins\vendor\typerocket\functions\menu\shareholder\action.php روی خط 7

2023-02-18T17:16:53+00:00 CRITICAL Uncaught Error: Class 'ShareholderCheckout' not found in C:\xampp\htdocs\se7enphoto\wp-content\mu-plugins\vendor\typerocket\functions\menu\shareholder\action.php:7
Stack trace:
#0 C:\xampp\htdocs\se7enphoto\wp-content\mu-plugins\vendor\typerocket\functions\table\shareholder-checkout.php(19): include()
#1 C:\xampp\htdocs\se7enphoto\wp-content\mu-plugins\vendor\typerocket\functions\table\shareholder-checkout.php(35): shareholder_checkout_list_table_init()
#2 C:\xampp\htdocs\se7enphoto\wp-content\mu-plugins\vendor\typerocket\functions\menu\shareholder\tab.php(38): include('C:\\xampp\\htdocs...')
#3 C:\xampp\htdocs\se7enphoto\wp-content\mu-plugins\vendor\typerocket\functions\menu\shareholder.php(49): include('C:\\xampp\\htdocs...')
#4 C:\xampp\htdocs\se7enphoto\wp-includes\class-wp-hook.php(308): shareholder_submenu_page_callback('')
#5 C:\xampp\htdocs\se7enphoto\wp-includes\class-wp-hook.php(332): WP_Hook->apply_filters('', Array)
#6 C:\xampp\htdocs\se7enphoto\wp-includes\plugin.php(517): WP_Hook->do_action(Arra در C:\xampp\htdocs\se7enphoto\wp-content\mu-plugins\vendor\typerocket\functions\menu\shareholder\action.php روی خط 7

2023-02-18T17:18:21+00:00 CRITICAL Uncaught Error: Class 'ShareholderCheckout' not found in C:\xampp\htdocs\se7enphoto\wp-content\mu-plugins\vendor\typerocket\functions\menu\shareholder\action.php:7
Stack trace:
#0 C:\xampp\htdocs\se7enphoto\wp-content\mu-plugins\vendor\typerocket\functions\table\shareholder-checkout.php(19): include()
#1 C:\xampp\htdocs\se7enphoto\wp-content\mu-plugins\vendor\typerocket\functions\table\shareholder-checkout.php(35): shareholder_checkout_list_table_init()
#2 C:\xampp\htdocs\se7enphoto\wp-content\mu-plugins\vendor\typerocket\functions\menu\shareholder\tab.php(38): include('C:\\xampp\\htdocs...')
#3 C:\xampp\htdocs\se7enphoto\wp-content\mu-plugins\vendor\typerocket\functions\menu\shareholder.php(49): include('C:\\xampp\\htdocs...')
#4 C:\xampp\htdocs\se7enphoto\wp-includes\class-wp-hook.php(308): shareholder_submenu_page_callback('')
#5 C:\xampp\htdocs\se7enphoto\wp-includes\class-wp-hook.php(332): WP_Hook->apply_filters('', Array)
#6 C:\xampp\htdocs\se7enphoto\wp-includes\plugin.php(517): WP_Hook->do_action(Arra در C:\xampp\htdocs\se7enphoto\wp-content\mu-plugins\vendor\typerocket\functions\menu\shareholder\action.php روی خط 7

2023-02-18T17:20:59+00:00 CRITICAL Uncaught Error: Class 'ShareholderCheckout' not found in C:\xampp\htdocs\se7enphoto\wp-content\mu-plugins\vendor\typerocket\functions\menu\shareholder\action.php:6
Stack trace:
#0 C:\xampp\htdocs\se7enphoto\wp-content\mu-plugins\vendor\typerocket\functions\menu\shareholder\checkout.php(122): include()
#1 C:\xampp\htdocs\se7enphoto\wp-content\mu-plugins\vendor\typerocket\functions\table\shareholder-checkout.php(18): include('C:\\xampp\\htdocs...')
#2 C:\xampp\htdocs\se7enphoto\wp-content\mu-plugins\vendor\typerocket\functions\table\shareholder-checkout.php(34): shareholder_checkout_list_table_init()
#3 C:\xampp\htdocs\se7enphoto\wp-content\mu-plugins\vendor\typerocket\functions\menu\shareholder\tab.php(38): include('C:\\xampp\\htdocs...')
#4 C:\xampp\htdocs\se7enphoto\wp-content\mu-plugins\vendor\typerocket\functions\menu\shareholder.php(49): include('C:\\xampp\\htdocs...')
#5 C:\xampp\htdocs\se7enphoto\wp-includes\class-wp-hook.php(308): shareholder_submenu_page_callback('')
#6 C:\xampp\htdocs\se7enphoto\wp-i در C:\xampp\htdocs\se7enphoto\wp-content\mu-plugins\vendor\typerocket\functions\menu\shareholder\action.php روی خط 6

2023-02-18T17:22:01+00:00 CRITICAL Uncaught Error: Class 'ShareholderCheckout' not found in C:\xampp\htdocs\se7enphoto\wp-content\mu-plugins\vendor\typerocket\functions\menu\shareholder\action.php:6
Stack trace:
#0 C:\xampp\htdocs\se7enphoto\wp-content\mu-plugins\vendor\typerocket\functions\menu\shareholder\checkout.php(121): include()
#1 C:\xampp\htdocs\se7enphoto\wp-content\mu-plugins\vendor\typerocket\functions\table\shareholder-checkout.php(18): include('C:\\xampp\\htdocs...')
#2 C:\xampp\htdocs\se7enphoto\wp-content\mu-plugins\vendor\typerocket\functions\table\shareholder-checkout.php(35): shareholder_checkout_list_table_init()
#3 C:\xampp\htdocs\se7enphoto\wp-content\mu-plugins\vendor\typerocket\functions\menu\shareholder\tab.php(38): include('C:\\xampp\\htdocs...')
#4 C:\xampp\htdocs\se7enphoto\wp-content\mu-plugins\vendor\typerocket\functions\menu\shareholder.php(49): include('C:\\xampp\\htdocs...')
#5 C:\xampp\htdocs\se7enphoto\wp-includes\class-wp-hook.php(308): shareholder_submenu_page_callback('')
#6 C:\xampp\htdocs\se7enphoto\wp-i در C:\xampp\htdocs\se7enphoto\wp-content\mu-plugins\vendor\typerocket\functions\menu\shareholder\action.php روی خط 6

2023-02-18T17:22:29+00:00 CRITICAL Uncaught Error: Class 'ShareholderCheckout' not found in C:\xampp\htdocs\se7enphoto\wp-content\mu-plugins\vendor\typerocket\functions\menu\shareholder\action.php:6
Stack trace:
#0 C:\xampp\htdocs\se7enphoto\wp-content\mu-plugins\vendor\typerocket\functions\table\shareholder-checkout.php(19): include()
#1 C:\xampp\htdocs\se7enphoto\wp-content\mu-plugins\vendor\typerocket\functions\table\shareholder-checkout.php(35): shareholder_checkout_list_table_init()
#2 C:\xampp\htdocs\se7enphoto\wp-content\mu-plugins\vendor\typerocket\functions\menu\shareholder\tab.php(38): include('C:\\xampp\\htdocs...')
#3 C:\xampp\htdocs\se7enphoto\wp-content\mu-plugins\vendor\typerocket\functions\menu\shareholder.php(49): include('C:\\xampp\\htdocs...')
#4 C:\xampp\htdocs\se7enphoto\wp-includes\class-wp-hook.php(308): shareholder_submenu_page_callback('')
#5 C:\xampp\htdocs\se7enphoto\wp-includes\class-wp-hook.php(332): WP_Hook->apply_filters('', Array)
#6 C:\xampp\htdocs\se7enphoto\wp-includes\plugin.php(517): WP_Hook->do_action(Arra در C:\xampp\htdocs\se7enphoto\wp-content\mu-plugins\vendor\typerocket\functions\menu\shareholder\action.php روی خط 6

2023-02-18T17:23:52+00:00 CRITICAL Uncaught Error: Class 'ShareholderCheckout' not found in C:\xampp\htdocs\se7enphoto\wp-content\mu-plugins\vendor\typerocket\functions\menu\shareholder\action.php:7
Stack trace:
#0 C:\xampp\htdocs\se7enphoto\wp-content\mu-plugins\vendor\typerocket\functions\table\shareholder-checkout.php(19): include()
#1 C:\xampp\htdocs\se7enphoto\wp-content\mu-plugins\vendor\typerocket\functions\table\shareholder-checkout.php(35): shareholder_checkout_list_table_init()
#2 C:\xampp\htdocs\se7enphoto\wp-content\mu-plugins\vendor\typerocket\functions\menu\shareholder\tab.php(38): include('C:\\xampp\\htdocs...')
#3 C:\xampp\htdocs\se7enphoto\wp-content\mu-plugins\vendor\typerocket\functions\menu\shareholder.php(49): include('C:\\xampp\\htdocs...')
#4 C:\xampp\htdocs\se7enphoto\wp-includes\class-wp-hook.php(308): shareholder_submenu_page_callback('')
#5 C:\xampp\htdocs\se7enphoto\wp-includes\class-wp-hook.php(332): WP_Hook->apply_filters('', Array)
#6 C:\xampp\htdocs\se7enphoto\wp-includes\plugin.php(517): WP_Hook->do_action(Arra در C:\xampp\htdocs\se7enphoto\wp-content\mu-plugins\vendor\typerocket\functions\menu\shareholder\action.php روی خط 7

2023-02-18T17:24:16+00:00 CRITICAL Uncaught Error: Class 'ShareholderCheckout' not found in C:\xampp\htdocs\se7enphoto\wp-content\mu-plugins\vendor\typerocket\functions\menu\shareholder\action.php:7
Stack trace:
#0 C:\xampp\htdocs\se7enphoto\wp-content\mu-plugins\vendor\typerocket\functions\table\shareholder-checkout.php(19): include()
#1 C:\xampp\htdocs\se7enphoto\wp-content\mu-plugins\vendor\typerocket\functions\table\shareholder-checkout.php(35): shareholder_checkout_list_table_init()
#2 C:\xampp\htdocs\se7enphoto\wp-content\mu-plugins\vendor\typerocket\functions\menu\shareholder\tab.php(38): include('C:\\xampp\\htdocs...')
#3 C:\xampp\htdocs\se7enphoto\wp-content\mu-plugins\vendor\typerocket\functions\menu\shareholder.php(49): include('C:\\xampp\\htdocs...')
#4 C:\xampp\htdocs\se7enphoto\wp-includes\class-wp-hook.php(308): shareholder_submenu_page_callback('')
#5 C:\xampp\htdocs\se7enphoto\wp-includes\class-wp-hook.php(332): WP_Hook->apply_filters('', Array)
#6 C:\xampp\htdocs\se7enphoto\wp-includes\plugin.php(517): WP_Hook->do_action(Arra در C:\xampp\htdocs\se7enphoto\wp-content\mu-plugins\vendor\typerocket\functions\menu\shareholder\action.php روی خط 7

2023-02-18T19:39:10+00:00 CRITICAL Uncaught Error: Call to a member function is_on_sale() on null in C:\xampp\htdocs\se7enphoto\wp-content\themes\wpplus\woocommerce\single-product\sale-flash.php:25
Stack trace:
#0 C:\xampp\htdocs\se7enphoto\wp-content\plugins\woocommerce\includes\wc-core-functions.php(345): include()
#1 C:\xampp\htdocs\se7enphoto\wp-content\plugins\woocommerce\includes\wc-template-functions.php(1677): wc_get_template('single-product/...')
#2 C:\xampp\htdocs\se7enphoto\wp-includes\class-wp-hook.php(308): woocommerce_show_product_sale_flash('')
#3 C:\xampp\htdocs\se7enphoto\wp-includes\class-wp-hook.php(332): WP_Hook->apply_filters('', Array)
#4 C:\xampp\htdocs\se7enphoto\wp-includes\plugin.php(517): WP_Hook->do_action(Array)
#5 C:\xampp\htdocs\se7enphoto\wp-content\themes\wpplus\woocommerce\content-single-product.php(43): do_action('woocommerce_bef...')
#6 C:\xampp\htdocs\se7enphoto\wp-includes\template.php(785): require('C:\\xampp\\htdocs...')
#7 C:\xampp\htdocs\se7enphoto\wp-content\plugins\woocommerce\includes\wc-core-functi در C:\xampp\htdocs\se7enphoto\wp-content\themes\wpplus\woocommerce\single-product\sale-flash.php روی خط 25

2023-02-18T19:58:35+00:00 CRITICAL Maximum execution time of 120 seconds exceeded در C:\xampp\htdocs\se7enphoto\wp-includes\widgets\class-wp-nav-menu-widget.php روی خط 207

2023-02-18T20:19:23+00:00 CRITICAL Maximum execution time of 120 seconds exceeded در C:\xampp\htdocs\se7enphoto\wp-includes\functions.php روی خط 6620

2023-02-18T20:19:29+00:00 CRITICAL Maximum execution time of 120 seconds exceeded در C:\xampp\htdocs\se7enphoto\wp-includes\functions.php روی خط 4541

