2023-01-20T07:59:56+00:00 CRITICAL Maximum execution time of 120 seconds exceeded در C:\xampp\htdocs\se7enphoto\wp-content\plugins\woocommerce\packages\woocommerce-blocks\src\BlockTypes\ProductSaleBadge.php روی خط 66

2023-01-20T07:59:57+00:00 CRITICAL Maximum execution time of 120 seconds exceeded در C:\xampp\htdocs\se7enphoto\wp-content\plugins\woocommerce\packages\woocommerce-blocks\src\BlockTypes\CartOrderSummaryDiscountBlock.php روی خط 15

2023-01-20T08:00:05+00:00 CRITICAL Maximum execution time of 120 seconds exceeded در C:\xampp\htdocs\se7enphoto\wp-admin\includes\file.php روی خط 16

2023-01-20T08:07:10+00:00 CRITICAL Maximum execution time of 120 seconds exceeded در C:\xampp\htdocs\se7enphoto\wp-content\plugins\woocommerce\src\Internal\Settings\OptionSanitizer.php روی خط 10

2023-01-20T08:07:47+00:00 CRITICAL Maximum execution time of 120 seconds exceeded در C:\xampp\htdocs\se7enphoto\wp-content\plugins\woocommerce\packages\woocommerce-blocks\src\Integrations\IntegrationRegistry.php روی خط 180

2023-01-20T09:06:11+00:00 CRITICAL Maximum execution time of 120 seconds exceeded در C:\xampp\htdocs\se7enphoto\wp-includes\Requests\Transport\cURL.php روی خط 462

2023-01-20T17:16:49+00:00 CRITICAL Maximum execution time of 120 seconds exceeded در C:\xampp\htdocs\se7enphoto\wp-includes\widgets\class-wp-widget-archives.php روی خط 233

2023-01-20T17:16:49+00:00 CRITICAL Maximum execution time of 120 seconds exceeded در C:\xampp\htdocs\se7enphoto\wp-includes\widgets\class-wp-widget-archives.php روی خط 233

2023-01-20T17:16:49+00:00 CRITICAL Maximum execution time of 120 seconds exceeded در C:\xampp\htdocs\se7enphoto\wp-includes\widgets\class-wp-widget-archives.php روی خط 233

2023-01-20T17:16:49+00:00 CRITICAL Maximum execution time of 120 seconds exceeded در C:\xampp\htdocs\se7enphoto\wp-includes\widgets\class-wp-widget-archives.php روی خط 233

2023-01-20T17:16:49+00:00 CRITICAL Maximum execution time of 120 seconds exceeded در C:\xampp\htdocs\se7enphoto\wp-includes\widgets\class-wp-widget-archives.php روی خط 233

2023-01-20T17:17:09+00:00 CRITICAL Maximum execution time of 120 seconds exceeded در C:\xampp\htdocs\se7enphoto\wp-content\mu-plugins\vendor\typerocket\vendor\typerocket\core\src\Extensions\PostMessages.php روی خط 91

2023-01-20T17:17:09+00:00 CRITICAL Maximum execution time of 120 seconds exceeded در C:\xampp\htdocs\se7enphoto\wp-content\mu-plugins\vendor\typerocket\vendor\typerocket\core\src\Extensions\PostMessages.php روی خط 91

2023-01-20T17:17:09+00:00 CRITICAL Maximum execution time of 120 seconds exceeded در C:\xampp\htdocs\se7enphoto\wp-content\mu-plugins\vendor\typerocket\vendor\typerocket\core\src\Http\Request.php روی خط 534

2023-01-20T17:17:09+00:00 CRITICAL Maximum execution time of 120 seconds exceeded در C:\xampp\htdocs\se7enphoto\wp-content\mu-plugins\vendor\typerocket\vendor\typerocket\core\src\Register\Registry.php روی خط 614

2023-01-20T17:17:10+00:00 CRITICAL Maximum execution time of 120 seconds exceeded در C:\xampp\htdocs\se7enphoto\wp-content\mu-plugins\vendor\typerocket\vendor\symfony\polyfill-intl-normalizer\Resources\stubs\Normalizer.php روی خط 18

2023-01-20T17:17:21+00:00 CRITICAL Maximum execution time of 120 seconds exceeded در C:\xampp\htdocs\se7enphoto\wp-includes\block-patterns\query-grid-posts.php روی خط 9

2023-01-20T17:17:38+00:00 CRITICAL Maximum execution time of 120 seconds exceeded در C:\xampp\htdocs\se7enphoto\wp-includes\l10n.php روی خط 1226

2023-01-20T17:17:39+00:00 CRITICAL Maximum execution time of 120 seconds exceeded در C:\xampp\htdocs\se7enphoto\wp-content\plugins\woocommerce\packages\woocommerce-blocks\src\BlockTypes\ProductImage.php روی خط 212

2023-01-20T17:17:59+00:00 CRITICAL Maximum execution time of 120 seconds exceeded در C:\xampp\htdocs\se7enphoto\wp-admin\includes\file.php روی خط 16

2023-01-20T17:18:20+00:00 CRITICAL Maximum execution time of 120 seconds exceeded در C:\xampp\htdocs\se7enphoto\wp-admin\includes\template.php روی خط 12

2023-01-20T18:23:57+00:00 CRITICAL Maximum execution time of 120 seconds exceeded در C:\xampp\htdocs\se7enphoto\wp-includes\functions.php روی خط 4541

2023-01-20T18:28:53+00:00 CRITICAL Maximum execution time of 120 seconds exceeded در C:\xampp\htdocs\se7enphoto\wp-content\mu-plugins\vendor\phpackagist\vendor\composer\ClassLoader.php روی خط 384

2023-01-20T18:54:20+00:00 CRITICAL Maximum execution time of 120 seconds exceeded در C:\xampp\htdocs\se7enphoto\wp-includes\functions.php روی خط 4541

2023-01-20T18:55:15+00:00 CRITICAL Maximum execution time of 120 seconds exceeded در C:\xampp\htdocs\se7enphoto\wp-content\plugins\woocommerce\packages\woocommerce-blocks\build\checkout.asset.php روی خط 1

2023-01-20T18:56:11+00:00 CRITICAL Maximum execution time of 120 seconds exceeded در C:\xampp\htdocs\se7enphoto\wp-includes\widgets\class-wp-widget-tag-cloud.php روی خط 221

2023-01-20T18:57:17+00:00 CRITICAL Maximum execution time of 120 seconds exceeded در C:\xampp\htdocs\se7enphoto\wp-content\plugins\woocommerce\packages\woocommerce-blocks\src\Assets\Api.php روی خط 97

2023-01-20T18:58:16+00:00 CRITICAL Maximum execution time of 120 seconds exceeded در C:\xampp\htdocs\se7enphoto\wp-includes\blocks.php روی خط 324

