2023-01-15T15:52:24+00:00 CRITICAL Maximum execution time of 120 seconds exceeded در C:\xampp\htdocs\se7enphoto\wp-includes\functions.php روی خط 4541

2023-01-15T15:52:40+00:00 CRITICAL Maximum execution time of 120 seconds exceeded در C:\xampp\htdocs\se7enphoto\wp-content\plugins\woocommerce\packages\woocommerce-blocks\build\wc-blocks-registry.asset.php روی خط 1

2023-01-15T15:52:40+00:00 CRITICAL Maximum execution time of 120 seconds exceeded در C:\xampp\htdocs\se7enphoto\wp-content\plugins\woocommerce\packages\woocommerce-blocks\src\BlockTypes\AbstractBlock.php روی خط 451

2023-01-15T15:52:54+00:00 CRITICAL Maximum execution time of 120 seconds exceeded در C:\xampp\htdocs\se7enphoto\wp-includes\functions.php روی خط 4541

2023-01-15T16:08:06+00:00 CRITICAL Maximum execution time of 120 seconds exceeded در C:\xampp\htdocs\se7enphoto\wp-includes\functions.php روی خط 4802

2023-01-15T18:38:06+00:00 CRITICAL Uncaught Error: Call to undefined function csf_reload_script() in C:\xampp\htdocs\se7enphoto\wp-content\mu-plugins\vendor\codestar-framework\panels\product-table.php:25
Stack trace:
#0 C:\xampp\htdocs\se7enphoto\wp-includes\class-wp-hook.php(308): WPPlus->{closure}('')
#1 C:\xampp\htdocs\se7enphoto\wp-includes\class-wp-hook.php(332): WP_Hook->apply_filters('', Array)
#2 C:\xampp\htdocs\se7enphoto\wp-includes\plugin.php(517): WP_Hook->do_action(Array)
#3 C:\xampp\htdocs\se7enphoto\wp-content\plugins\woocommerce\includes\admin\meta-boxes\views\html-product-data-panel.php(54): do_action('woocommerce_pro...')
#4 C:\xampp\htdocs\se7enphoto\wp-content\plugins\woocommerce\includes\admin\meta-boxes\class-wc-meta-box-product-data.php(33): include('C:\\xampp\\htdocs...')
#5 C:\xampp\htdocs\se7enphoto\wp-admin\includes\template.php(1409): WC_Meta_Box_Product_Data::output(Object(WP_Post), Array)
#6 C:\xampp\htdocs\se7enphoto\wp-admin\edit-form-advanced.php(688): do_meta_boxes(Object(WP_Screen), 'normal', Object(WP_Post)) در C:\xampp\htdocs\se7enphoto\wp-content\mu-plugins\vendor\codestar-framework\panels\product-table.php روی خط 25

2023-01-15T19:12:40+00:00 CRITICAL Maximum execution time of 120 seconds exceeded در C:\xampp\htdocs\se7enphoto\wp-content\plugins\woocommerce\packages\woocommerce-blocks\src\BlockTypes\AttributeFilter.php روی خط 29

2023-01-15T20:00:15+00:00 CRITICAL Uncaught Error: Call to a member function save() on null in C:\xampp\htdocs\se7enphoto\wp-content\mu-plugins\vendor\codestar-framework\panels\product-table.php:167
Stack trace:
#0 C:\xampp\htdocs\se7enphoto\wp-includes\class-wp-hook.php(310): WPPlus->{closure}(47)
#1 C:\xampp\htdocs\se7enphoto\wp-includes\class-wp-hook.php(332): WP_Hook->apply_filters('', Array)
#2 C:\xampp\htdocs\se7enphoto\wp-includes\plugin.php(517): WP_Hook->do_action(Array)
#3 C:\xampp\htdocs\se7enphoto\wp-content\plugins\woocommerce\includes\admin\class-wc-admin-meta-boxes.php(268): do_action('woocommerce_pro...', 47, Object(WP_Post))
#4 C:\xampp\htdocs\se7enphoto\wp-includes\class-wp-hook.php(310): WC_Admin_Meta_Boxes->save_meta_boxes(47, Object(WP_Post))
#5 C:\xampp\htdocs\se7enphoto\wp-includes\class-wp-hook.php(332): WP_Hook->apply_filters('', Array)
#6 C:\xampp\htdocs\se7enphoto\wp-includes\plugin.php(517): WP_Hook->do_action(Array)
#7 C:\xampp\htdocs\se7enphoto\wp-includes\post.php(4717): do_action('save_post', 47, Object(WP_Post) در C:\xampp\htdocs\se7enphoto\wp-content\mu-plugins\vendor\codestar-framework\panels\product-table.php روی خط 167

2023-01-15T20:01:25+00:00 CRITICAL Uncaught Error: Call to a member function save() on null in C:\xampp\htdocs\se7enphoto\wp-content\mu-plugins\vendor\codestar-framework\panels\product-table.php:167
Stack trace:
#0 C:\xampp\htdocs\se7enphoto\wp-includes\class-wp-hook.php(310): WPPlus->{closure}(47)
#1 C:\xampp\htdocs\se7enphoto\wp-includes\class-wp-hook.php(332): WP_Hook->apply_filters('', Array)
#2 C:\xampp\htdocs\se7enphoto\wp-includes\plugin.php(517): WP_Hook->do_action(Array)
#3 C:\xampp\htdocs\se7enphoto\wp-content\plugins\woocommerce\includes\admin\class-wc-admin-meta-boxes.php(268): do_action('woocommerce_pro...', 47, Object(WP_Post))
#4 C:\xampp\htdocs\se7enphoto\wp-includes\class-wp-hook.php(310): WC_Admin_Meta_Boxes->save_meta_boxes(47, Object(WP_Post))
#5 C:\xampp\htdocs\se7enphoto\wp-includes\class-wp-hook.php(332): WP_Hook->apply_filters('', Array)
#6 C:\xampp\htdocs\se7enphoto\wp-includes\plugin.php(517): WP_Hook->do_action(Array)
#7 C:\xampp\htdocs\se7enphoto\wp-includes\post.php(4717): do_action('save_post', 47, Object(WP_Post) در C:\xampp\htdocs\se7enphoto\wp-content\mu-plugins\vendor\codestar-framework\panels\product-table.php روی خط 167

2023-01-15T20:03:22+00:00 CRITICAL Uncaught Error: Call to a member function save() on null in C:\xampp\htdocs\se7enphoto\wp-content\mu-plugins\vendor\codestar-framework\panels\product-table.php:167
Stack trace:
#0 C:\xampp\htdocs\se7enphoto\wp-includes\class-wp-hook.php(310): WPPlus->{closure}(47)
#1 C:\xampp\htdocs\se7enphoto\wp-includes\class-wp-hook.php(332): WP_Hook->apply_filters('', Array)
#2 C:\xampp\htdocs\se7enphoto\wp-includes\plugin.php(517): WP_Hook->do_action(Array)
#3 C:\xampp\htdocs\se7enphoto\wp-content\plugins\woocommerce\includes\admin\class-wc-admin-meta-boxes.php(268): do_action('woocommerce_pro...', 47, Object(WP_Post))
#4 C:\xampp\htdocs\se7enphoto\wp-includes\class-wp-hook.php(310): WC_Admin_Meta_Boxes->save_meta_boxes(47, Object(WP_Post))
#5 C:\xampp\htdocs\se7enphoto\wp-includes\class-wp-hook.php(332): WP_Hook->apply_filters('', Array)
#6 C:\xampp\htdocs\se7enphoto\wp-includes\plugin.php(517): WP_Hook->do_action(Array)
#7 C:\xampp\htdocs\se7enphoto\wp-includes\post.php(4717): do_action('save_post', 47, Object(WP_Post) در C:\xampp\htdocs\se7enphoto\wp-content\mu-plugins\vendor\codestar-framework\panels\product-table.php روی خط 167

2023-01-15T20:19:54+00:00 CRITICAL Maximum execution time of 120 seconds exceeded در C:\xampp\htdocs\se7enphoto\wp-content\plugins\woocommerce\includes\rest-api\Controllers\Version1\class-wc-rest-coupons-v1-controller.php روی خط 13

2023-01-15T20:40:28+00:00 CRITICAL Maximum execution time of 120 seconds exceeded در C:\xampp\htdocs\se7enphoto\wp-includes\widgets\class-wp-widget-text.php روی خط 571

2023-01-15T20:40:59+00:00 CRITICAL Maximum execution time of 120 seconds exceeded در C:\xampp\htdocs\se7enphoto\wp-content\plugins\woocommerce\packages\woocommerce-blocks\src\BlockTypes\ProductTag.php روی خط 71

2023-01-15T20:42:20+00:00 CRITICAL Maximum execution time of 120 seconds exceeded در C:\xampp\htdocs\se7enphoto\wp-content\plugins\woocommerce\includes\gateways\paypal\includes\settings-paypal.php روی خط 12

