2023-02-11T09:16:54+00:00 CRITICAL Maximum execution time of 120 seconds exceeded در C:\xampp\htdocs\se7enphoto\wp-admin\includes\deprecated.php روی خط 332

2023-02-11T13:32:27+00:00 CRITICAL Uncaught Error: Call to a member function select() on null in C:\xampp\htdocs\se7enphoto\wp-content\mu-plugins\vendor\typerocket\functions\menu\shareholder\log.php:105
Stack trace:
#0 C:\xampp\htdocs\se7enphoto\wp-content\mu-plugins\vendor\typerocket\functions\menu\shareholder\tab.php(34): include()
#1 C:\xampp\htdocs\se7enphoto\wp-content\mu-plugins\vendor\typerocket\functions\menu\shareholder.php(49): include('C:\\xampp\\htdocs...')
#2 C:\xampp\htdocs\se7enphoto\wp-includes\class-wp-hook.php(308): shareholder_submenu_page_callback('')
#3 C:\xampp\htdocs\se7enphoto\wp-includes\class-wp-hook.php(332): WP_Hook->apply_filters('', Array)
#4 C:\xampp\htdocs\se7enphoto\wp-includes\plugin.php(517): WP_Hook->do_action(Array)
#5 C:\xampp\htdocs\se7enphoto\wp-admin\admin.php(259): do_action('%d9%88%d9%88%da...')
#6 {main}
  thrown در C:\xampp\htdocs\se7enphoto\wp-content\mu-plugins\vendor\typerocket\functions\menu\shareholder\log.php روی خط 105

2023-02-11T15:25:18+00:00 CRITICAL Uncaught Error: Call to a member function select() on null in C:\xampp\htdocs\se7enphoto\wp-content\mu-plugins\vendor\typerocket\functions\menu\shareholder\log.php:133
Stack trace:
#0 C:\xampp\htdocs\se7enphoto\wp-content\mu-plugins\vendor\typerocket\functions\menu\shareholder\tab.php(34): include()
#1 C:\xampp\htdocs\se7enphoto\wp-content\mu-plugins\vendor\typerocket\functions\menu\shareholder.php(49): include('C:\\xampp\\htdocs...')
#2 C:\xampp\htdocs\se7enphoto\wp-includes\class-wp-hook.php(308): shareholder_submenu_page_callback('')
#3 C:\xampp\htdocs\se7enphoto\wp-includes\class-wp-hook.php(332): WP_Hook->apply_filters('', Array)
#4 C:\xampp\htdocs\se7enphoto\wp-includes\plugin.php(517): WP_Hook->do_action(Array)
#5 C:\xampp\htdocs\se7enphoto\wp-admin\admin.php(259): do_action('%d9%88%d9%88%da...')
#6 {main}
  thrown در C:\xampp\htdocs\se7enphoto\wp-content\mu-plugins\vendor\typerocket\functions\menu\shareholder\log.php روی خط 133

2023-02-11T15:28:57+00:00 CRITICAL Uncaught Error: Call to a member function select() on null in C:\xampp\htdocs\se7enphoto\wp-content\mu-plugins\vendor\typerocket\functions\menu\shareholder\log.php:133
Stack trace:
#0 C:\xampp\htdocs\se7enphoto\wp-content\mu-plugins\vendor\typerocket\functions\menu\shareholder\tab.php(34): include()
#1 C:\xampp\htdocs\se7enphoto\wp-content\mu-plugins\vendor\typerocket\functions\menu\shareholder.php(49): include('C:\\xampp\\htdocs...')
#2 C:\xampp\htdocs\se7enphoto\wp-includes\class-wp-hook.php(308): shareholder_submenu_page_callback('')
#3 C:\xampp\htdocs\se7enphoto\wp-includes\class-wp-hook.php(332): WP_Hook->apply_filters('', Array)
#4 C:\xampp\htdocs\se7enphoto\wp-includes\plugin.php(517): WP_Hook->do_action(Array)
#5 C:\xampp\htdocs\se7enphoto\wp-admin\admin.php(259): do_action('%d9%88%d9%88%da...')
#6 {main}
  thrown در C:\xampp\htdocs\se7enphoto\wp-content\mu-plugins\vendor\typerocket\functions\menu\shareholder\log.php روی خط 133

2023-02-11T16:56:46+00:00 CRITICAL Maximum execution time of 120 seconds exceeded در C:\xampp\htdocs\se7enphoto\wp-content\plugins\woocommerce\src\Admin\ReportExporter.php روی خط 8

2023-02-11T17:27:20+00:00 CRITICAL Maximum execution time of 120 seconds exceeded در C:\xampp\htdocs\se7enphoto\wp-includes\widgets\class-wp-widget-recent-posts.php روی خط 185

2023-02-11T17:37:32+00:00 CRITICAL Maximum execution time of 120 seconds exceeded در C:\xampp\htdocs\se7enphoto\wp-content\plugins\woocommerce\src\Internal\Admin\RemoteFreeExtensions\Init.php روی خط 8

2023-02-11T17:37:32+00:00 CRITICAL Maximum execution time of 120 seconds exceeded در C:\xampp\htdocs\se7enphoto\wp-content\plugins\woocommerce\src\Internal\Admin\WCPayPromotion\Init.php روی خط 8

2023-02-11T17:37:45+00:00 CRITICAL Maximum execution time of 120 seconds exceeded در C:\xampp\htdocs\se7enphoto\wp-content\plugins\woocommerce\includes\rest-api\Utilities\SingletonTrait.php روی خط 53

2023-02-11T18:16:15+00:00 CRITICAL Maximum execution time of 120 seconds exceeded در C:\xampp\htdocs\se7enphoto\wp-admin\includes\template.php روی خط 12

2023-02-11T18:19:24+00:00 CRITICAL Maximum execution time of 120 seconds exceeded در C:\xampp\htdocs\se7enphoto\wp-includes\class-wpdb.php روی خط 2187

