********************************************************************************
DUPLICATOR-LITE PACKAGE-LOG: 20 February 2023 5:42 pm
NOTICE: Do NOT post to public sites or forums 
********************************************************************************
VERSION:	1.5.2.1
WORDPRESS:	6.1.1
PHP INFO:	7.4.6 | SAPI: apache2handler
SERVER:		Apache/2.4.43 (Win64) OpenSSL/1.1.1g PHP/7.4.6 
PHP TIME LIMIT: (0) no time limit imposed 
PHP MAX MEMORY: 4294967296 (2048M default) 
MEMORY STACK: 8MB

********************************************************************************
DATABASE:
********************************************************************************
BUILD MODE:   MYSQLDUMP
MYSQLTIMEOUT: 5000
MYSQLDUMP:    Is Supported
SQL CREATED: 20230220_se7enphoto_dbeefbbe9197839a4609_20230220174006_database.sql
SQL FILE SIZE: 566.08KB (579663)
SQL FILE TIME: 2023-02-20 17:43:39
SQL RUNTIME: 56.76 sec.

********************************************************************************
ARCHIVE (ZIP):
********************************************************************************
ARCHIVE DIR:  C:/xampp/htdocs/se7enphoto
ARCHIVE FILE: 20230220_se7enphoto_dbeefbbe9197839a4609_20230220174006_archive.zip
FILTERS: *OFF*
DIRS:
	not set
FILES:
	not set
EXTS:  not set
----------------------------------------
COMPRESSING
SIZE:	207.32MB
STATS:	Dirs 4,693 | Files 20,488
SQL ADDED: 20230220_se7enphoto_dbeefbbe9197839a4609_20230220174006_database.sql
ZipArchive Object
(
    [status] => 0
    [statusSys] => 0
    [numFiles] => 25181
    [filename] => C:\xampp\htdocs\se7enphoto\wp-content\backups-dup-lite\tmp\20230220_se7enphoto_dbeefbbe9197839a4609_20230220174006_archive.zip
    [comment] => 
)

FILE ADDED TO ZIP: 25180
COMPRESSION RESULT: '1'
COMPRESSED SIZE: 78.35MB
ARCHIVE RUNTIME: 1775.49 sec.
MEMORY STACK: 18MB
building installer
ARCHIVE CONSISTENCY TEST: PASS

********************************************************************************
INTEGRITY CHECKS:
********************************************************************************
SQL FILE: 566.08KB
INSTALLER FILE: 73.35KB
ARCHIVE FILE: 80.54MB 
EXPECTED FILE/DIRECTORY COUNT: 25,181
ACTUAL FILE/DIRECTORY COUNT: 25,180
ARCHIVE CONSISTENCY TEST: Pass

********************************************************************************
RECORD ID:[1]
TOTAL PROCESS RUNTIME: 1853.92 sec.
PEAK PHP MEMORY USED: 24MB
DONE PROCESSING => 20230220_se7enphoto 20 February 2023 6:13 pm

